#
# A fatal error has been detected by the Java Runtime Environment:
#
#  SIGSEGV (0xb) at pc=0x0000000107f4218f, pid=34988, tid=0x0000000000000e03
#
# JRE version: Java(TM) SE Runtime Environment (8.0_211-b12) (build 1.8.0_211-b12)
# Java VM: Java HotSpot(TM) 64-Bit Server VM (25.211-b12 mixed mode bsd-amd64 compressed oops)
# Problematic frame:
# V  [libjvm.dylib+0x32818f]
#
# Failed to write core dump. Core dumps have been disabled. To enable core dumping, try "ulimit -c unlimited" before starting Java again
#
# If you would like to submit a bug report, please visit:
#   http://bugreport.java.com/bugreport/crash.jsp
#

---------------  T H R E A D  ---------------

Current thread (0x00007f84a3809000):  JavaThread "main" [_thread_in_vm, id=3587, stack(0x000070000dcdb000,0x000070000dddb000)]

siginfo: si_signo: 11 (SIGSEGV), si_code: 1 (SEGV_MAPERR), si_addr: 0x0000000000000000

Registers:
RAX=0x00007f84a2836340, RBX=0x00007f84a3809000, RCX=0x0000000000000028, RDX=0x0000000000000000
RSP=0x000070000ddd3c10, RBP=0x000070000ddd3c50, RSI=0x0000000198082fcb, RDI=0x00007f84a2836340
R8 =0x0000000000009b75, R9 =0x00000006c010a3a8, R10=0x0000000108526960, R11=0x0000000116eaf1a0
R12=0x0000000000000000, R13=0x00007f84a28347c0, R14=0x00007f84a2836340, R15=0x0000000198082fc4
RIP=0x0000000107f4218f, EFLAGS=0x0000000000010202, ERR=0x0000000000000004
  TRAPNO=0x000000000000000e

Top of Stack: (sp=0x000070000ddd3c10)
0x000070000ddd3c10:   000070000ddd3b20 000000010000000e
0x000070000ddd3c20:   00009b756c5e0272 0000000198082fcb
0x000070000ddd3c30:   00007f84a38091f8 00007f84a3809000
0x000070000ddd3c40:   0000000198082fc4 0000000000000000
0x000070000ddd3c50:   000070000ddd3cc0 0000000107f31f67
0x000070000ddd3c60:   000070000ddd3c90 00007f84a3809000
0x000070000ddd3c70:   0000000000000000 00007f84a3809000
0x000070000ddd3c80:   00007f84a38091f8 00007f84a3809000
0x000070000ddd3c90:   00007f84a3809000 00007f84a38091f8
0x000070000ddd3ca0:   0000000198094b68 0000000197ec5f98
0x000070000ddd3cb0:   000000019807e7f6 0000000000000000
0x000070000ddd3cc0:   000070000ddd3cf0 000000019805aa46
0x000070000ddd3cd0:   0000000197ec5f98 0000000000000000
0x000070000ddd3ce0:   000070000ddd3d58 00007f84a3809000
0x000070000ddd3cf0:   000070000ddd3d40 000000011678b667
0x000070000ddd3d00:   000070000ddd3d00 0000000197ec5f98
0x000070000ddd3d10:   000070000ddd3d58 0000000197ec6550
0x000070000ddd3d20:   0000000000000000 0000000197ec5f98
0x000070000ddd3d30:   0000000000000000 000070000ddd3d60
0x000070000ddd3d40:   000070000ddd3da0 000000011677b2bd
0x000070000ddd3d50:   000000076afc96b8 0000000116784d18
0x000070000ddd3d60:   000070000ddd3d60 0000000197ec64a0
0x000070000ddd3d70:   000070000ddd3da8 0000000197ec6550
0x000070000ddd3d80:   0000000000000000 0000000197ec64b0
0x000070000ddd3d90:   000070000ddd3d60 000070000ddd3db0
0x000070000ddd3da0:   000070000ddd3e10 00000001167737a7
0x000070000ddd3db0:   0000000100001fa0 000000000000000a
0x000070000ddd3dc0:   00007f84a3809000 0000000000000000
0x000070000ddd3dd0:   000000011677371f 0000000197ec64b0
0x000070000ddd3de0:   000070000ddd3ea8 000070000ddd3fe0
0x000070000ddd3df0:   000060000000000a 0000000197ec64b0
0x000070000ddd3e00:   0000000116786600 000070000ddd3ff0 

Instructions: (pc=0x0000000107f4218f)
0x0000000107f4216f:   8d 55 d4 4c 89 f7 e8 6e 21 21 00 4d 85 ed 49 89
0x0000000107f4217f:   c6 0f 84 38 01 00 00 4d 85 f6 0f 84 2f 01 00 00
0x0000000107f4218f:   49 8b 3c 24 e8 a4 9a fc ff 84 c0 74 20 4c 8d 25
0x0000000107f4219f:   8d a6 5e 00 49 8b 8c 24 50 04 00 00 48 8d 35 15 

Register to memory mapping:

RAX=0x00007f84a2836340 is an unknown value
RBX=0x00007f84a3809000 is a thread
RCX=0x0000000000000028 is an unknown value
RDX=0x0000000000000000 is an unknown value
RSP=0x000070000ddd3c10 is pointing into the stack for thread: 0x00007f84a3809000
RBP=0x000070000ddd3c50 is pointing into the stack for thread: 0x00007f84a3809000
RSI=0x0000000198082fcb: <offset 0x31fcb> in /Library/Java/JavaVirtualMachines/jdk1.8.0_211.jdk/Contents/Home/jre/lib/libglass.dylib at 0x0000000198051000
RDI=0x00007f84a2836340 is an unknown value
R8 =0x0000000000009b75 is an unknown value
R9 =0x00000006c010a3a8 is an oop
java.io.FileDescriptor 
 - klass: 'java/io/FileDescriptor'
R10=0x0000000108526960: _ZN19TemplateInterpreter13_active_tableE+0x4800 in /Library/Java/JavaVirtualMachines/jdk1.8.0_211.jdk/Contents/Home/jre/lib/server/libjvm.dylib at 0x0000000107c1a000
R11=0x0000000116eaf1a0 is at entry_point+32 in (nmethod*)0x0000000116eaf010
R12=0x0000000000000000 is an unknown value
R13=0x00007f84a28347c0 is an unknown value
R14=0x00007f84a2836340 is an unknown value
R15=0x0000000198082fc4: <offset 0x31fc4> in /Library/Java/JavaVirtualMachines/jdk1.8.0_211.jdk/Contents/Home/jre/lib/libglass.dylib at 0x0000000198051000


Stack: [0x000070000dcdb000,0x000070000dddb000],  sp=0x000070000ddd3c10,  free space=995k
Native frames: (J=compiled Java code, j=interpreted, Vv=VM code, C=native code)
V  [libjvm.dylib+0x32818f]
V  [libjvm.dylib+0x317f67]
C  [libglass.dylib+0x9a46]  Java_com_sun_glass_ui_mac_MacCommonDialogs__1initIDs+0x86
j  com.sun.glass.ui.mac.MacCommonDialogs._initIDs()V+0
j  com.sun.glass.ui.mac.MacCommonDialogs.<clinit>()V+0
v  ~StubRoutines::call_stub
V  [libjvm.dylib+0x2f0d1e]
V  [libjvm.dylib+0x2c3c7f]
V  [libjvm.dylib+0x2c51b1]
V  [libjvm.dylib+0x2c5447]
V  [libjvm.dylib+0x349383]
V  [libjvm.dylib+0x353a8a]
C  [libjava.dylib+0x1a2f]  Java_java_lang_Class_forName0+0x13f
J 676  java.lang.Class.forName0(Ljava/lang/String;ZLjava/lang/ClassLoader;Ljava/lang/Class;)Ljava/lang/Class; (0 bytes) @ 0x0000000116984b34 [0x0000000116984a40+0xf4]
J 756 C1 java.lang.Class.forName(Ljava/lang/String;ZLjava/lang/ClassLoader;)Ljava/lang/Class; (53 bytes) @ 0x00000001169a5b44 [0x00000001169a5a20+0x124]
J 3528 C1 org.apache.ibatis.io.ClassLoaderWrapper.classForName(Ljava/lang/String;[Ljava/lang/ClassLoader;)Ljava/lang/Class; (71 bytes) @ 0x0000000116e8133c [0x0000000116e812c0+0x7c]
J 3518 C1 org.apache.ibatis.io.Resources.classForName(Ljava/lang/String;)Ljava/lang/Class; (8 bytes) @ 0x0000000116e7b594 [0x0000000116e7b540+0x54]
j  org.mybatis.spring.SqlSessionFactoryBean.scanClasses(Ljava/lang/String;Ljava/lang/Class;)Ljava/util/Set;+133
j  org.mybatis.spring.SqlSessionFactoryBean.buildSqlSessionFactory()Lorg/apache/ibatis/session/SqlSessionFactory;+212
j  org.mybatis.spring.SqlSessionFactoryBean.afterPropertiesSet()V+58
j  org.mybatis.spring.SqlSessionFactoryBean.getObject()Lorg/apache/ibatis/session/SqlSessionFactory;+8
j  com.yuhsuanzhang.him.imserver.config.datasource.DataSourceConfig.sqlSessionFactory(Ljavax/sql/DataSource;)Lorg/apache/ibatis/session/SqlSessionFactory;+36
j  com.yuhsuanzhang.him.imserver.config.datasource.DataSourceConfig$$EnhancerBySpringCGLIB$$a9d7bd43.CGLIB$sqlSessionFactory$1(Ljavax/sql/DataSource;)Lorg/apache/ibatis/session/SqlSessionFactory;+2
j  com.yuhsuanzhang.him.imserver.config.datasource.DataSourceConfig$$EnhancerBySpringCGLIB$$a9d7bd43$$FastClassBySpringCGLIB$$6acabc8c.invoke(ILjava/lang/Object;[Ljava/lang/Object;)Ljava/lang/Object;+244
j  org.springframework.cglib.proxy.MethodProxy.invokeSuper(Ljava/lang/Object;[Ljava/lang/Object;)Ljava/lang/Object;+19
j  org.springframework.context.annotation.ConfigurationClassEnhancer$BeanMethodInterceptor.intercept(Ljava/lang/Object;Ljava/lang/reflect/Method;[Ljava/lang/Object;Lorg/springframework/cglib/proxy/MethodProxy;)Ljava/lang/Object;+207
j  com.yuhsuanzhang.him.imserver.config.datasource.DataSourceConfig$$EnhancerBySpringCGLIB$$a9d7bd43.sqlSessionFactory(Ljavax/sql/DataSource;)Lorg/apache/ibatis/session/SqlSessionFactory;+36
v  ~StubRoutines::call_stub
V  [libjvm.dylib+0x2f0d1e]
V  [libjvm.dylib+0x4d7790]
V  [libjvm.dylib+0x4d7cc4]
V  [libjvm.dylib+0x34926c]
J 2092  sun.reflect.NativeMethodAccessorImpl.invoke0(Ljava/lang/reflect/Method;Ljava/lang/Object;[Ljava/lang/Object;)Ljava/lang/Object; (0 bytes) @ 0x0000000116ba8c6d [0x0000000116ba8b80+0xed]
J 2091 C1 sun.reflect.NativeMethodAccessorImpl.invoke(Ljava/lang/Object;[Ljava/lang/Object;)Ljava/lang/Object; (104 bytes) @ 0x0000000116ba934c [0x0000000116ba8fa0+0x3ac]
J 1894 C1 sun.reflect.DelegatingMethodAccessorImpl.invoke(Ljava/lang/Object;[Ljava/lang/Object;)Ljava/lang/Object; (10 bytes) @ 0x0000000116b58fc4 [0x0000000116b58f80+0x44]
J 1760 C1 java.lang.reflect.Method.invoke(Ljava/lang/Object;[Ljava/lang/Object;)Ljava/lang/Object; (62 bytes) @ 0x0000000116b15164 [0x0000000116b15060+0x104]
j  org.springframework.beans.factory.support.SimpleInstantiationStrategy.instantiate(Lorg/springframework/beans/factory/support/RootBeanDefinition;Ljava/lang/String;Lorg/springframework/beans/factory/BeanFactory;Ljava/lang/Object;Ljava/lang/reflect/Method;[Ljava/lang/Object;)Ljava/lang/Object;+50
j  org.springframework.beans.factory.support.ConstructorResolver.instantiate(Ljava/lang/String;Lorg/springframework/beans/factory/support/RootBeanDefinition;Ljava/lang/Object;Ljava/lang/reflect/Method;[Ljava/lang/Object;)Ljava/lang/Object;+48
j  org.springframework.beans.factory.support.ConstructorResolver.instantiateUsingFactoryMethod(Ljava/lang/String;Lorg/springframework/beans/factory/support/RootBeanDefinition;[Ljava/lang/Object;)Lorg/springframework/beans/BeanWrapper;+1507
j  org.springframework.beans.factory.support.AbstractAutowireCapableBeanFactory.instantiateUsingFactoryMethod(Ljava/lang/String;Lorg/springframework/beans/factory/support/RootBeanDefinition;[Ljava/lang/Object;)Lorg/springframework/beans/BeanWrapper;+11
j  org.springframework.beans.factory.support.AbstractAutowireCapableBeanFactory.createBeanInstance(Ljava/lang/String;Lorg/springframework/beans/factory/support/RootBeanDefinition;[Ljava/lang/Object;)Lorg/springframework/beans/BeanWrapper;+101
j  org.springframework.beans.factory.support.AbstractAutowireCapableBeanFactory.doCreateBean(Ljava/lang/String;Lorg/springframework/beans/factory/support/RootBeanDefinition;[Ljava/lang/Object;)Ljava/lang/Object;+34
j  org.springframework.beans.factory.support.AbstractAutowireCapableBeanFactory.createBean(Ljava/lang/String;Lorg/springframework/beans/factory/support/RootBeanDefinition;[Ljava/lang/Object;)Ljava/lang/Object;+169
j  org.springframework.beans.factory.support.AbstractBeanFactory.lambda$doGetBean$0(Ljava/lang/String;Lorg/springframework/beans/factory/support/RootBeanDefinition;[Ljava/lang/Object;)Ljava/lang/Object;+4
j  org.springframework.beans.factory.support.AbstractBeanFactory$$Lambda$182.getObject()Ljava/lang/Object;+16
j  org.springframework.beans.factory.support.DefaultSingletonBeanRegistry.getSingleton(Ljava/lang/String;Lorg/springframework/beans/factory/ObjectFactory;)Ljava/lang/Object;+132
J 3096 C1 org.springframework.beans.factory.support.AbstractBeanFactory.doGetBean(Ljava/lang/String;Ljava/lang/Class;[Ljava/lang/Object;Z)Ljava/lang/Object; (833 bytes) @ 0x0000000116d7ac44 [0x0000000116d7a720+0x524]
j  org.springframework.beans.factory.support.AbstractBeanFactory.getBean(Ljava/lang/String;)Ljava/lang/Object;+5
j  org.springframework.beans.factory.config.DependencyDescriptor.resolveCandidate(Ljava/lang/String;Ljava/lang/Class;Lorg/springframework/beans/factory/BeanFactory;)Ljava/lang/Object;+2
j  org.springframework.beans.factory.support.DefaultListableBeanFactory.doResolveDependency(Lorg/springframework/beans/factory/config/DependencyDescriptor;Ljava/lang/String;Ljava/util/Set;Lorg/springframework/beans/TypeConverter;)Ljava/lang/Object;+440
j  org.springframework.beans.factory.support.DefaultListableBeanFactory.resolveDependency(Lorg/springframework/beans/factory/config/DependencyDescriptor;Ljava/lang/String;Ljava/util/Set;Lorg/springframework/beans/TypeConverter;)Ljava/lang/Object;+108
j  org.springframework.beans.factory.support.ConstructorResolver.resolveAutowiredArgument(Lorg/springframework/core/MethodParameter;Ljava/lang/String;Ljava/util/Set;Lorg/springframework/beans/TypeConverter;Z)Ljava/lang/Object;+79
j  org.springframework.beans.factory.support.ConstructorResolver.createArgumentArray(Ljava/lang/String;Lorg/springframework/beans/factory/support/RootBeanDefinition;Lorg/springframework/beans/factory/config/ConstructorArgumentValues;Lorg/springframework/beans/BeanWrapper;[Ljava/lang/Class;[Ljava/lang/String;Ljava/lang/reflect/Executable;ZZ)Lorg/springframework/beans/factory/support/ConstructorResolver$ArgumentsHolder;+434
j  org.springframework.beans.factory.support.ConstructorResolver.instantiateUsingFactoryMethod(Ljava/lang/String;Lorg/springframework/beans/factory/support/RootBeanDefinition;[Ljava/lang/Object;)Lorg/springframework/beans/BeanWrapper;+712
j  org.springframework.beans.factory.support.AbstractAutowireCapableBeanFactory.instantiateUsingFactoryMethod(Ljava/lang/String;Lorg/springframework/beans/factory/support/RootBeanDefinition;[Ljava/lang/Object;)Lorg/springframework/beans/BeanWrapper;+11
j  org.springframework.beans.factory.support.AbstractAutowireCapableBeanFactory.createBeanInstance(Ljava/lang/String;Lorg/springframework/beans/factory/support/RootBeanDefinition;[Ljava/lang/Object;)Lorg/springframework/beans/BeanWrapper;+101
j  org.springframework.beans.factory.support.AbstractAutowireCapableBeanFactory.doCreateBean(Ljava/lang/String;Lorg/springframework/beans/factory/support/RootBeanDefinition;[Ljava/lang/Object;)Ljava/lang/Object;+34
j  org.springframework.beans.factory.support.AbstractAutowireCapableBeanFactory.createBean(Ljava/lang/String;Lorg/springframework/beans/factory/support/RootBeanDefinition;[Ljava/lang/Object;)Ljava/lang/Object;+169
j  org.springframework.beans.factory.support.AbstractBeanFactory.lambda$doGetBean$0(Ljava/lang/String;Lorg/springframework/beans/factory/support/RootBeanDefinition;[Ljava/lang/Object;)Ljava/lang/Object;+4
j  org.springframework.beans.factory.support.AbstractBeanFactory$$Lambda$182.getObject()Ljava/lang/Object;+16
j  org.springframework.beans.factory.support.DefaultSingletonBeanRegistry.getSingleton(Ljava/lang/String;Lorg/springframework/beans/factory/ObjectFactory;)Ljava/lang/Object;+132
J 3096 C1 org.springframework.beans.factory.support.AbstractBeanFactory.doGetBean(Ljava/lang/String;Ljava/lang/Class;[Ljava/lang/Object;Z)Ljava/lang/Object; (833 bytes) @ 0x0000000116d7ac44 [0x0000000116d7a720+0x524]
j  org.springframework.beans.factory.support.AbstractBeanFactory.getBean(Ljava/lang/String;)Ljava/lang/Object;+5
j  org.springframework.beans.factory.support.BeanDefinitionValueResolver.resolveReference(Ljava/lang/Object;Lorg/springframework/beans/factory/config/RuntimeBeanReference;)Ljava/lang/Object;+163
j  org.springframework.beans.factory.support.BeanDefinitionValueResolver.resolveValueIfNecessary(Ljava/lang/Object;Ljava/lang/Object;)Ljava/lang/Object;+15
j  org.springframework.beans.factory.support.AbstractAutowireCapableBeanFactory.applyPropertyValues(Ljava/lang/String;Lorg/springframework/beans/factory/config/BeanDefinition;Lorg/springframework/beans/BeanWrapper;Lorg/springframework/beans/PropertyValues;)V+308
j  org.springframework.beans.factory.support.AbstractAutowireCapableBeanFactory.populateBean(Ljava/lang/String;Lorg/springframework/beans/factory/support/RootBeanDefinition;Lorg/springframework/beans/BeanWrapper;)V+406
j  org.springframework.beans.factory.support.AbstractAutowireCapableBeanFactory.doCreateBean(Ljava/lang/String;Lorg/springframework/beans/factory/support/RootBeanDefinition;[Ljava/lang/Object;)Ljava/lang/Object;+237
j  org.springframework.beans.factory.support.AbstractAutowireCapableBeanFactory.createBean(Ljava/lang/String;Lorg/springframework/beans/factory/support/RootBeanDefinition;[Ljava/lang/Object;)Ljava/lang/Object;+169
j  org.springframework.beans.factory.support.AbstractBeanFactory.lambda$doGetBean$0(Ljava/lang/String;Lorg/springframework/beans/factory/support/RootBeanDefinition;[Ljava/lang/Object;)Ljava/lang/Object;+4
j  org.springframework.beans.factory.support.AbstractBeanFactory$$Lambda$182.getObject()Ljava/lang/Object;+16
j  org.springframework.beans.factory.support.DefaultSingletonBeanRegistry.getSingleton(Ljava/lang/String;Lorg/springframework/beans/factory/ObjectFactory;)Ljava/lang/Object;+132
J 3096 C1 org.springframework.beans.factory.support.AbstractBeanFactory.doGetBean(Ljava/lang/String;Ljava/lang/Class;[Ljava/lang/Object;Z)Ljava/lang/Object; (833 bytes) @ 0x0000000116d7ac44 [0x0000000116d7a720+0x524]
j  org.springframework.beans.factory.support.AbstractBeanFactory.getBean(Ljava/lang/String;Ljava/lang/Class;)Ljava/lang/Object;+5
j  org.springframework.beans.factory.support.AbstractAutowireCapableBeanFactory.resolveBeanByName(Ljava/lang/String;Lorg/springframework/beans/factory/config/DependencyDescriptor;)Ljava/lang/Object;+11
j  org.springframework.context.annotation.CommonAnnotationBeanPostProcessor.autowireResource(Lorg/springframework/beans/factory/BeanFactory;Lorg/springframework/context/annotation/CommonAnnotationBeanPostProcessor$LookupElement;Ljava/lang/String;)Ljava/lang/Object;+99
j  org.springframework.context.annotation.CommonAnnotationBeanPostProcessor.getResource(Lorg/springframework/context/annotation/CommonAnnotationBeanPostProcessor$LookupElement;Ljava/lang/String;)Ljava/lang/Object;+81
j  org.springframework.context.annotation.CommonAnnotationBeanPostProcessor$ResourceElement.getResourceToInject(Ljava/lang/Object;Ljava/lang/String;)Ljava/lang/Object;+25
j  org.springframework.beans.factory.annotation.InjectionMetadata$InjectedElement.inject(Ljava/lang/Object;Ljava/lang/String;Lorg/springframework/beans/PropertyValues;)V+27
j  org.springframework.beans.factory.annotation.InjectionMetadata.inject(Ljava/lang/Object;Ljava/lang/String;Lorg/springframework/beans/PropertyValues;)V+116
j  org.springframework.context.annotation.CommonAnnotationBeanPostProcessor.postProcessProperties(Lorg/springframework/beans/PropertyValues;Ljava/lang/Object;Ljava/lang/String;)Lorg/springframework/beans/PropertyValues;+17
j  org.springframework.beans.factory.support.AbstractAutowireCapableBeanFactory.populateBean(Ljava/lang/String;Lorg/springframework/beans/factory/support/RootBeanDefinition;Lorg/springframework/beans/BeanWrapper;)V+303
j  org.springframework.beans.factory.support.AbstractAutowireCapableBeanFactory.doCreateBean(Ljava/lang/String;Lorg/springframework/beans/factory/support/RootBeanDefinition;[Ljava/lang/Object;)Ljava/lang/Object;+237
j  org.springframework.beans.factory.support.AbstractAutowireCapableBeanFactory.createBean(Ljava/lang/String;Lorg/springframework/beans/factory/support/RootBeanDefinition;[Ljava/lang/Object;)Ljava/lang/Object;+169
j  org.springframework.beans.factory.support.AbstractBeanFactory.lambda$doGetBean$0(Ljava/lang/String;Lorg/springframework/beans/factory/support/RootBeanDefinition;[Ljava/lang/Object;)Ljava/lang/Object;+4
j  org.springframework.beans.factory.support.AbstractBeanFactory$$Lambda$182.getObject()Ljava/lang/Object;+16
j  org.springframework.beans.factory.support.DefaultSingletonBeanRegistry.getSingleton(Ljava/lang/String;Lorg/springframework/beans/factory/ObjectFactory;)Ljava/lang/Object;+132
J 3096 C1 org.springframework.beans.factory.support.AbstractBeanFactory.doGetBean(Ljava/lang/String;Ljava/lang/Class;[Ljava/lang/Object;Z)Ljava/lang/Object; (833 bytes) @ 0x0000000116d7ac44 [0x0000000116d7a720+0x524]
j  org.springframework.beans.factory.support.AbstractBeanFactory.getBean(Ljava/lang/String;Ljava/lang/Class;)Ljava/lang/Object;+5
j  org.springframework.beans.factory.support.AbstractAutowireCapableBeanFactory.resolveBeanByName(Ljava/lang/String;Lorg/springframework/beans/factory/config/DependencyDescriptor;)Ljava/lang/Object;+11
j  org.springframework.context.annotation.CommonAnnotationBeanPostProcessor.autowireResource(Lorg/springframework/beans/factory/BeanFactory;Lorg/springframework/context/annotation/CommonAnnotationBeanPostProcessor$LookupElement;Ljava/lang/String;)Ljava/lang/Object;+99
j  org.springframework.context.annotation.CommonAnnotationBeanPostProcessor.getResource(Lorg/springframework/context/annotation/CommonAnnotationBeanPostProcessor$LookupElement;Ljava/lang/String;)Ljava/lang/Object;+81
j  org.springframework.context.annotation.CommonAnnotationBeanPostProcessor$ResourceElement.getResourceToInject(Ljava/lang/Object;Ljava/lang/String;)Ljava/lang/Object;+25
j  org.springframework.beans.factory.annotation.InjectionMetadata$InjectedElement.inject(Ljava/lang/Object;Ljava/lang/String;Lorg/springframework/beans/PropertyValues;)V+27
j  org.springframework.beans.factory.annotation.InjectionMetadata.inject(Ljava/lang/Object;Ljava/lang/String;Lorg/springframework/beans/PropertyValues;)V+116
j  org.springframework.context.annotation.CommonAnnotationBeanPostProcessor.postProcessProperties(Lorg/springframework/beans/PropertyValues;Ljava/lang/Object;Ljava/lang/String;)Lorg/springframework/beans/PropertyValues;+17
j  org.springframework.beans.factory.support.AbstractAutowireCapableBeanFactory.populateBean(Ljava/lang/String;Lorg/springframework/beans/factory/support/RootBeanDefinition;Lorg/springframework/beans/BeanWrapper;)V+303
j  org.springframework.beans.factory.support.AbstractAutowireCapableBeanFactory.doCreateBean(Ljava/lang/String;Lorg/springframework/beans/factory/support/RootBeanDefinition;[Ljava/lang/Object;)Ljava/lang/Object;+237
j  org.springframework.beans.factory.support.AbstractAutowireCapableBeanFactory.createBean(Ljava/lang/String;Lorg/springframework/beans/factory/support/RootBeanDefinition;[Ljava/lang/Object;)Ljava/lang/Object;+169
j  org.springframework.beans.factory.support.AbstractBeanFactory.lambda$doGetBean$0(Ljava/lang/String;Lorg/springframework/beans/factory/support/RootBeanDefinition;[Ljava/lang/Object;)Ljava/lang/Object;+4
...<more frames>...

Java frames: (J=compiled Java code, j=interpreted, Vv=VM code)
j  com.sun.glass.ui.mac.MacCommonDialogs._initIDs()V+0
j  com.sun.glass.ui.mac.MacCommonDialogs.<clinit>()V+0
v  ~StubRoutines::call_stub
J 676  java.lang.Class.forName0(Ljava/lang/String;ZLjava/lang/ClassLoader;Ljava/lang/Class;)Ljava/lang/Class; (0 bytes) @ 0x0000000116984aba [0x0000000116984a40+0x7a]
J 756 C1 java.lang.Class.forName(Ljava/lang/String;ZLjava/lang/ClassLoader;)Ljava/lang/Class; (53 bytes) @ 0x00000001169a5b44 [0x00000001169a5a20+0x124]
J 3528 C1 org.apache.ibatis.io.ClassLoaderWrapper.classForName(Ljava/lang/String;[Ljava/lang/ClassLoader;)Ljava/lang/Class; (71 bytes) @ 0x0000000116e8133c [0x0000000116e812c0+0x7c]
J 3518 C1 org.apache.ibatis.io.Resources.classForName(Ljava/lang/String;)Ljava/lang/Class; (8 bytes) @ 0x0000000116e7b594 [0x0000000116e7b540+0x54]
j  org.mybatis.spring.SqlSessionFactoryBean.scanClasses(Ljava/lang/String;Ljava/lang/Class;)Ljava/util/Set;+133
j  org.mybatis.spring.SqlSessionFactoryBean.buildSqlSessionFactory()Lorg/apache/ibatis/session/SqlSessionFactory;+212
j  org.mybatis.spring.SqlSessionFactoryBean.afterPropertiesSet()V+58
j  org.mybatis.spring.SqlSessionFactoryBean.getObject()Lorg/apache/ibatis/session/SqlSessionFactory;+8
j  com.yuhsuanzhang.him.imserver.config.datasource.DataSourceConfig.sqlSessionFactory(Ljavax/sql/DataSource;)Lorg/apache/ibatis/session/SqlSessionFactory;+36
j  com.yuhsuanzhang.him.imserver.config.datasource.DataSourceConfig$$EnhancerBySpringCGLIB$$a9d7bd43.CGLIB$sqlSessionFactory$1(Ljavax/sql/DataSource;)Lorg/apache/ibatis/session/SqlSessionFactory;+2
j  com.yuhsuanzhang.him.imserver.config.datasource.DataSourceConfig$$EnhancerBySpringCGLIB$$a9d7bd43$$FastClassBySpringCGLIB$$6acabc8c.invoke(ILjava/lang/Object;[Ljava/lang/Object;)Ljava/lang/Object;+244
j  org.springframework.cglib.proxy.MethodProxy.invokeSuper(Ljava/lang/Object;[Ljava/lang/Object;)Ljava/lang/Object;+19
j  org.springframework.context.annotation.ConfigurationClassEnhancer$BeanMethodInterceptor.intercept(Ljava/lang/Object;Ljava/lang/reflect/Method;[Ljava/lang/Object;Lorg/springframework/cglib/proxy/MethodProxy;)Ljava/lang/Object;+207
j  com.yuhsuanzhang.him.imserver.config.datasource.DataSourceConfig$$EnhancerBySpringCGLIB$$a9d7bd43.sqlSessionFactory(Ljavax/sql/DataSource;)Lorg/apache/ibatis/session/SqlSessionFactory;+36
v  ~StubRoutines::call_stub
J 2092  sun.reflect.NativeMethodAccessorImpl.invoke0(Ljava/lang/reflect/Method;Ljava/lang/Object;[Ljava/lang/Object;)Ljava/lang/Object; (0 bytes) @ 0x0000000116ba8bf7 [0x0000000116ba8b80+0x77]
J 2091 C1 sun.reflect.NativeMethodAccessorImpl.invoke(Ljava/lang/Object;[Ljava/lang/Object;)Ljava/lang/Object; (104 bytes) @ 0x0000000116ba934c [0x0000000116ba8fa0+0x3ac]
J 1894 C1 sun.reflect.DelegatingMethodAccessorImpl.invoke(Ljava/lang/Object;[Ljava/lang/Object;)Ljava/lang/Object; (10 bytes) @ 0x0000000116b58fc4 [0x0000000116b58f80+0x44]
J 1760 C1 java.lang.reflect.Method.invoke(Ljava/lang/Object;[Ljava/lang/Object;)Ljava/lang/Object; (62 bytes) @ 0x0000000116b15164 [0x0000000116b15060+0x104]
j  org.springframework.beans.factory.support.SimpleInstantiationStrategy.instantiate(Lorg/springframework/beans/factory/support/RootBeanDefinition;Ljava/lang/String;Lorg/springframework/beans/factory/BeanFactory;Ljava/lang/Object;Ljava/lang/reflect/Method;[Ljava/lang/Object;)Ljava/lang/Object;+50
j  org.springframework.beans.factory.support.ConstructorResolver.instantiate(Ljava/lang/String;Lorg/springframework/beans/factory/support/RootBeanDefinition;Ljava/lang/Object;Ljava/lang/reflect/Method;[Ljava/lang/Object;)Ljava/lang/Object;+48
j  org.springframework.beans.factory.support.ConstructorResolver.instantiateUsingFactoryMethod(Ljava/lang/String;Lorg/springframework/beans/factory/support/RootBeanDefinition;[Ljava/lang/Object;)Lorg/springframework/beans/BeanWrapper;+1507
j  org.springframework.beans.factory.support.AbstractAutowireCapableBeanFactory.instantiateUsingFactoryMethod(Ljava/lang/String;Lorg/springframework/beans/factory/support/RootBeanDefinition;[Ljava/lang/Object;)Lorg/springframework/beans/BeanWrapper;+11
j  org.springframework.beans.factory.support.AbstractAutowireCapableBeanFactory.createBeanInstance(Ljava/lang/String;Lorg/springframework/beans/factory/support/RootBeanDefinition;[Ljava/lang/Object;)Lorg/springframework/beans/BeanWrapper;+101
j  org.springframework.beans.factory.support.AbstractAutowireCapableBeanFactory.doCreateBean(Ljava/lang/String;Lorg/springframework/beans/factory/support/RootBeanDefinition;[Ljava/lang/Object;)Ljava/lang/Object;+34
j  org.springframework.beans.factory.support.AbstractAutowireCapableBeanFactory.createBean(Ljava/lang/String;Lorg/springframework/beans/factory/support/RootBeanDefinition;[Ljava/lang/Object;)Ljava/lang/Object;+169
j  org.springframework.beans.factory.support.AbstractBeanFactory.lambda$doGetBean$0(Ljava/lang/String;Lorg/springframework/beans/factory/support/RootBeanDefinition;[Ljava/lang/Object;)Ljava/lang/Object;+4
j  org.springframework.beans.factory.support.AbstractBeanFactory$$Lambda$182.getObject()Ljava/lang/Object;+16
j  org.springframework.beans.factory.support.DefaultSingletonBeanRegistry.getSingleton(Ljava/lang/String;Lorg/springframework/beans/factory/ObjectFactory;)Ljava/lang/Object;+132
J 3096 C1 org.springframework.beans.factory.support.AbstractBeanFactory.doGetBean(Ljava/lang/String;Ljava/lang/Class;[Ljava/lang/Object;Z)Ljava/lang/Object; (833 bytes) @ 0x0000000116d7ac44 [0x0000000116d7a720+0x524]
j  org.springframework.beans.factory.support.AbstractBeanFactory.getBean(Ljava/lang/String;)Ljava/lang/Object;+5
j  org.springframework.beans.factory.config.DependencyDescriptor.resolveCandidate(Ljava/lang/String;Ljava/lang/Class;Lorg/springframework/beans/factory/BeanFactory;)Ljava/lang/Object;+2
j  org.springframework.beans.factory.support.DefaultListableBeanFactory.doResolveDependency(Lorg/springframework/beans/factory/config/DependencyDescriptor;Ljava/lang/String;Ljava/util/Set;Lorg/springframework/beans/TypeConverter;)Ljava/lang/Object;+440
j  org.springframework.beans.factory.support.DefaultListableBeanFactory.resolveDependency(Lorg/springframework/beans/factory/config/DependencyDescriptor;Ljava/lang/String;Ljava/util/Set;Lorg/springframework/beans/TypeConverter;)Ljava/lang/Object;+108
j  org.springframework.beans.factory.support.ConstructorResolver.resolveAutowiredArgument(Lorg/springframework/core/MethodParameter;Ljava/lang/String;Ljava/util/Set;Lorg/springframework/beans/TypeConverter;Z)Ljava/lang/Object;+79
j  org.springframework.beans.factory.support.ConstructorResolver.createArgumentArray(Ljava/lang/String;Lorg/springframework/beans/factory/support/RootBeanDefinition;Lorg/springframework/beans/factory/config/ConstructorArgumentValues;Lorg/springframework/beans/BeanWrapper;[Ljava/lang/Class;[Ljava/lang/String;Ljava/lang/reflect/Executable;ZZ)Lorg/springframework/beans/factory/support/ConstructorResolver$ArgumentsHolder;+434
j  org.springframework.beans.factory.support.ConstructorResolver.instantiateUsingFactoryMethod(Ljava/lang/String;Lorg/springframework/beans/factory/support/RootBeanDefinition;[Ljava/lang/Object;)Lorg/springframework/beans/BeanWrapper;+712
j  org.springframework.beans.factory.support.AbstractAutowireCapableBeanFactory.instantiateUsingFactoryMethod(Ljava/lang/String;Lorg/springframework/beans/factory/support/RootBeanDefinition;[Ljava/lang/Object;)Lorg/springframework/beans/BeanWrapper;+11
j  org.springframework.beans.factory.support.AbstractAutowireCapableBeanFactory.createBeanInstance(Ljava/lang/String;Lorg/springframework/beans/factory/support/RootBeanDefinition;[Ljava/lang/Object;)Lorg/springframework/beans/BeanWrapper;+101
j  org.springframework.beans.factory.support.AbstractAutowireCapableBeanFactory.doCreateBean(Ljava/lang/String;Lorg/springframework/beans/factory/support/RootBeanDefinition;[Ljava/lang/Object;)Ljava/lang/Object;+34
j  org.springframework.beans.factory.support.AbstractAutowireCapableBeanFactory.createBean(Ljava/lang/String;Lorg/springframework/beans/factory/support/RootBeanDefinition;[Ljava/lang/Object;)Ljava/lang/Object;+169
j  org.springframework.beans.factory.support.AbstractBeanFactory.lambda$doGetBean$0(Ljava/lang/String;Lorg/springframework/beans/factory/support/RootBeanDefinition;[Ljava/lang/Object;)Ljava/lang/Object;+4
j  org.springframework.beans.factory.support.AbstractBeanFactory$$Lambda$182.getObject()Ljava/lang/Object;+16
j  org.springframework.beans.factory.support.DefaultSingletonBeanRegistry.getSingleton(Ljava/lang/String;Lorg/springframework/beans/factory/ObjectFactory;)Ljava/lang/Object;+132
J 3096 C1 org.springframework.beans.factory.support.AbstractBeanFactory.doGetBean(Ljava/lang/String;Ljava/lang/Class;[Ljava/lang/Object;Z)Ljava/lang/Object; (833 bytes) @ 0x0000000116d7ac44 [0x0000000116d7a720+0x524]
j  org.springframework.beans.factory.support.AbstractBeanFactory.getBean(Ljava/lang/String;)Ljava/lang/Object;+5
j  org.springframework.beans.factory.support.BeanDefinitionValueResolver.resolveReference(Ljava/lang/Object;Lorg/springframework/beans/factory/config/RuntimeBeanReference;)Ljava/lang/Object;+163
j  org.springframework.beans.factory.support.BeanDefinitionValueResolver.resolveValueIfNecessary(Ljava/lang/Object;Ljava/lang/Object;)Ljava/lang/Object;+15
j  org.springframework.beans.factory.support.AbstractAutowireCapableBeanFactory.applyPropertyValues(Ljava/lang/String;Lorg/springframework/beans/factory/config/BeanDefinition;Lorg/springframework/beans/BeanWrapper;Lorg/springframework/beans/PropertyValues;)V+308
j  org.springframework.beans.factory.support.AbstractAutowireCapableBeanFactory.populateBean(Ljava/lang/String;Lorg/springframework/beans/factory/support/RootBeanDefinition;Lorg/springframework/beans/BeanWrapper;)V+406
j  org.springframework.beans.factory.support.AbstractAutowireCapableBeanFactory.doCreateBean(Ljava/lang/String;Lorg/springframework/beans/factory/support/RootBeanDefinition;[Ljava/lang/Object;)Ljava/lang/Object;+237
j  org.springframework.beans.factory.support.AbstractAutowireCapableBeanFactory.createBean(Ljava/lang/String;Lorg/springframework/beans/factory/support/RootBeanDefinition;[Ljava/lang/Object;)Ljava/lang/Object;+169
j  org.springframework.beans.factory.support.AbstractBeanFactory.lambda$doGetBean$0(Ljava/lang/String;Lorg/springframework/beans/factory/support/RootBeanDefinition;[Ljava/lang/Object;)Ljava/lang/Object;+4
j  org.springframework.beans.factory.support.AbstractBeanFactory$$Lambda$182.getObject()Ljava/lang/Object;+16
j  org.springframework.beans.factory.support.DefaultSingletonBeanRegistry.getSingleton(Ljava/lang/String;Lorg/springframework/beans/factory/ObjectFactory;)Ljava/lang/Object;+132
J 3096 C1 org.springframework.beans.factory.support.AbstractBeanFactory.doGetBean(Ljava/lang/String;Ljava/lang/Class;[Ljava/lang/Object;Z)Ljava/lang/Object; (833 bytes) @ 0x0000000116d7ac44 [0x0000000116d7a720+0x524]
j  org.springframework.beans.factory.support.AbstractBeanFactory.getBean(Ljava/lang/String;Ljava/lang/Class;)Ljava/lang/Object;+5
j  org.springframework.beans.factory.support.AbstractAutowireCapableBeanFactory.resolveBeanByName(Ljava/lang/String;Lorg/springframework/beans/factory/config/DependencyDescriptor;)Ljava/lang/Object;+11
j  org.springframework.context.annotation.CommonAnnotationBeanPostProcessor.autowireResource(Lorg/springframework/beans/factory/BeanFactory;Lorg/springframework/context/annotation/CommonAnnotationBeanPostProcessor$LookupElement;Ljava/lang/String;)Ljava/lang/Object;+99
j  org.springframework.context.annotation.CommonAnnotationBeanPostProcessor.getResource(Lorg/springframework/context/annotation/CommonAnnotationBeanPostProcessor$LookupElement;Ljava/lang/String;)Ljava/lang/Object;+81
j  org.springframework.context.annotation.CommonAnnotationBeanPostProcessor$ResourceElement.getResourceToInject(Ljava/lang/Object;Ljava/lang/String;)Ljava/lang/Object;+25
j  org.springframework.beans.factory.annotation.InjectionMetadata$InjectedElement.inject(Ljava/lang/Object;Ljava/lang/String;Lorg/springframework/beans/PropertyValues;)V+27
j  org.springframework.beans.factory.annotation.InjectionMetadata.inject(Ljava/lang/Object;Ljava/lang/String;Lorg/springframework/beans/PropertyValues;)V+116
j  org.springframework.context.annotation.CommonAnnotationBeanPostProcessor.postProcessProperties(Lorg/springframework/beans/PropertyValues;Ljava/lang/Object;Ljava/lang/String;)Lorg/springframework/beans/PropertyValues;+17
j  org.springframework.beans.factory.support.AbstractAutowireCapableBeanFactory.populateBean(Ljava/lang/String;Lorg/springframework/beans/factory/support/RootBeanDefinition;Lorg/springframework/beans/BeanWrapper;)V+303
j  org.springframework.beans.factory.support.AbstractAutowireCapableBeanFactory.doCreateBean(Ljava/lang/String;Lorg/springframework/beans/factory/support/RootBeanDefinition;[Ljava/lang/Object;)Ljava/lang/Object;+237
j  org.springframework.beans.factory.support.AbstractAutowireCapableBeanFactory.createBean(Ljava/lang/String;Lorg/springframework/beans/factory/support/RootBeanDefinition;[Ljava/lang/Object;)Ljava/lang/Object;+169
j  org.springframework.beans.factory.support.AbstractBeanFactory.lambda$doGetBean$0(Ljava/lang/String;Lorg/springframework/beans/factory/support/RootBeanDefinition;[Ljava/lang/Object;)Ljava/lang/Object;+4
j  org.springframework.beans.factory.support.AbstractBeanFactory$$Lambda$182.getObject()Ljava/lang/Object;+16
j  org.springframework.beans.factory.support.DefaultSingletonBeanRegistry.getSingleton(Ljava/lang/String;Lorg/springframework/beans/factory/ObjectFactory;)Ljava/lang/Object;+132
J 3096 C1 org.springframework.beans.factory.support.AbstractBeanFactory.doGetBean(Ljava/lang/String;Ljava/lang/Class;[Ljava/lang/Object;Z)Ljava/lang/Object; (833 bytes) @ 0x0000000116d7ac44 [0x0000000116d7a720+0x524]
j  org.springframework.beans.factory.support.AbstractBeanFactory.getBean(Ljava/lang/String;Ljava/lang/Class;)Ljava/lang/Object;+5
j  org.springframework.beans.factory.support.AbstractAutowireCapableBeanFactory.resolveBeanByName(Ljava/lang/String;Lorg/springframework/beans/factory/config/DependencyDescriptor;)Ljava/lang/Object;+11
j  org.springframework.context.annotation.CommonAnnotationBeanPostProcessor.autowireResource(Lorg/springframework/beans/factory/BeanFactory;Lorg/springframework/context/annotation/CommonAnnotationBeanPostProcessor$LookupElement;Ljava/lang/String;)Ljava/lang/Object;+99
j  org.springframework.context.annotation.CommonAnnotationBeanPostProcessor.getResource(Lorg/springframework/context/annotation/CommonAnnotationBeanPostProcessor$LookupElement;Ljava/lang/String;)Ljava/lang/Object;+81
j  org.springframework.context.annotation.CommonAnnotationBeanPostProcessor$ResourceElement.getResourceToInject(Ljava/lang/Object;Ljava/lang/String;)Ljava/lang/Object;+25
j  org.springframework.beans.factory.annotation.InjectionMetadata$InjectedElement.inject(Ljava/lang/Object;Ljava/lang/String;Lorg/springframework/beans/PropertyValues;)V+27
j  org.springframework.beans.factory.annotation.InjectionMetadata.inject(Ljava/lang/Object;Ljava/lang/String;Lorg/springframework/beans/PropertyValues;)V+116
j  org.springframework.context.annotation.CommonAnnotationBeanPostProcessor.postProcessProperties(Lorg/springframework/beans/PropertyValues;Ljava/lang/Object;Ljava/lang/String;)Lorg/springframework/beans/PropertyValues;+17
j  org.springframework.beans.factory.support.AbstractAutowireCapableBeanFactory.populateBean(Ljava/lang/String;Lorg/springframework/beans/factory/support/RootBeanDefinition;Lorg/springframework/beans/BeanWrapper;)V+303
j  org.springframework.beans.factory.support.AbstractAutowireCapableBeanFactory.doCreateBean(Ljava/lang/String;Lorg/springframework/beans/factory/support/RootBeanDefinition;[Ljava/lang/Object;)Ljava/lang/Object;+237
j  org.springframework.beans.factory.support.AbstractAutowireCapableBeanFactory.createBean(Ljava/lang/String;Lorg/springframework/beans/factory/support/RootBeanDefinition;[Ljava/lang/Object;)Ljava/lang/Object;+169
j  org.springframework.beans.factory.support.AbstractBeanFactory.lambda$doGetBean$0(Ljava/lang/String;Lorg/springframework/beans/factory/support/RootBeanDefinition;[Ljava/lang/Object;)Ljava/lang/Object;+4
j  org.springframework.beans.factory.support.AbstractBeanFactory$$Lambda$182.getObject()Ljava/lang/Object;+16
j  org.springframework.beans.factory.support.DefaultSingletonBeanRegistry.getSingleton(Ljava/lang/String;Lorg/springframework/beans/factory/ObjectFactory;)Ljava/lang/Object;+132
J 3096 C1 org.springframework.beans.factory.support.AbstractBeanFactory.doGetBean(Ljava/lang/String;Ljava/lang/Class;[Ljava/lang/Object;Z)Ljava/lang/Object; (833 bytes) @ 0x0000000116d7ac44 [0x0000000116d7a720+0x524]
j  org.springframework.beans.factory.support.AbstractBeanFactory.getBean(Ljava/lang/String;)Ljava/lang/Object;+5
j  org.springframework.beans.factory.config.DependencyDescriptor.resolveCandidate(Ljava/lang/String;Ljava/lang/Class;Lorg/springframework/beans/factory/BeanFactory;)Ljava/lang/Object;+2
j  org.springframework.beans.factory.support.DefaultListableBeanFactory.doResolveDependency(Lorg/springframework/beans/factory/config/DependencyDescriptor;Ljava/lang/String;Ljava/util/Set;Lorg/springframework/beans/TypeConverter;)Ljava/lang/Object;+440
j  org.springframework.beans.factory.support.DefaultListableBeanFactory.resolveDependency(Lorg/springframework/beans/factory/config/DependencyDescriptor;Ljava/lang/String;Ljava/util/Set;Lorg/springframework/beans/TypeConverter;)Ljava/lang/Object;+108
j  org.springframework.context.annotation.CommonAnnotationBeanPostProcessor.autowireResource(Lorg/springframework/beans/factory/BeanFactory;Lorg/springframework/context/annotation/CommonAnnotationBeanPostProcessor$LookupElement;Ljava/lang/String;)Ljava/lang/Object;+67
j  org.springframework.context.annotation.CommonAnnotationBeanPostProcessor.getResource(Lorg/springframework/context/annotation/CommonAnnotationBeanPostProcessor$LookupElement;Ljava/lang/String;)Ljava/lang/Object;+81
j  org.springframework.context.annotation.CommonAnnotationBeanPostProcessor$ResourceElement.getResourceToInject(Ljava/lang/Object;Ljava/lang/String;)Ljava/lang/Object;+25
j  org.springframework.beans.factory.annotation.InjectionMetadata$InjectedElement.inject(Ljava/lang/Object;Ljava/lang/String;Lorg/springframework/beans/PropertyValues;)V+27
j  org.springframework.beans.factory.annotation.InjectionMetadata.inject(Ljava/lang/Object;Ljava/lang/String;Lorg/springframework/beans/PropertyValues;)V+116
j  org.springframework.context.annotation.CommonAnnotationBeanPostProcessor.postProcessProperties(Lorg/springframework/beans/PropertyValues;Ljava/lang/Object;Ljava/lang/String;)Lorg/springframework/beans/PropertyValues;+17
j  org.springframework.beans.factory.support.AbstractAutowireCapableBeanFactory.populateBean(Ljava/lang/String;Lorg/springframework/beans/factory/support/RootBeanDefinition;Lorg/springframework/beans/BeanWrapper;)V+303
j  org.springframework.beans.factory.support.AbstractAutowireCapableBeanFactory.doCreateBean(Ljava/lang/String;Lorg/springframework/beans/factory/support/RootBeanDefinition;[Ljava/lang/Object;)Ljava/lang/Object;+237
j  org.springframework.beans.factory.support.AbstractAutowireCapableBeanFactory.createBean(Ljava/lang/String;Lorg/springframework/beans/factory/support/RootBeanDefinition;[Ljava/lang/Object;)Ljava/lang/Object;+169
j  org.springframework.beans.factory.support.AbstractBeanFactory.lambda$doGetBean$0(Ljava/lang/String;Lorg/springframework/beans/factory/support/RootBeanDefinition;[Ljava/lang/Object;)Ljava/lang/Object;+4
j  org.springframework.beans.factory.support.AbstractBeanFactory$$Lambda$182.getObject()Ljava/lang/Object;+16
j  org.springframework.beans.factory.support.DefaultSingletonBeanRegistry.getSingleton(Ljava/lang/String;Lorg/springframework/beans/factory/ObjectFactory;)Ljava/lang/Object;+132
J 3096 C1 org.springframework.beans.factory.support.AbstractBeanFactory.doGetBean(Ljava/lang/String;Ljava/lang/Class;[Ljava/lang/Object;Z)Ljava/lang/Object; (833 bytes) @ 0x0000000116d7ac44 [0x0000000116d7a720+0x524]
j  org.springframework.beans.factory.support.AbstractBeanFactory.getBean(Ljava/lang/String;)Ljava/lang/Object;+5
j  org.springframework.beans.factory.config.DependencyDescriptor.resolveCandidate(Ljava/lang/String;Ljava/lang/Class;Lorg/springframework/beans/factory/BeanFactory;)Ljava/lang/Object;+2
j  org.springframework.beans.factory.support.DefaultListableBeanFactory.doResolveDependency(Lorg/springframework/beans/factory/config/DependencyDescriptor;Ljava/lang/String;Ljava/util/Set;Lorg/springframework/beans/TypeConverter;)Ljava/lang/Object;+440
j  org.springframework.beans.factory.support.DefaultListableBeanFactory.resolveDependency(Lorg/springframework/beans/factory/config/DependencyDescriptor;Ljava/lang/String;Ljava/util/Set;Lorg/springframework/beans/TypeConverter;)Ljava/lang/Object;+108
j  org.springframework.context.annotation.CommonAnnotationBeanPostProcessor.autowireResource(Lorg/springframework/beans/factory/BeanFactory;Lorg/springframework/context/annotation/CommonAnnotationBeanPostProcessor$LookupElement;Ljava/lang/String;)Ljava/lang/Object;+67
j  org.springframework.context.annotation.CommonAnnotationBeanPostProcessor.getResource(Lorg/springframework/context/annotation/CommonAnnotationBeanPostProcessor$LookupElement;Ljava/lang/String;)Ljava/lang/Object;+81
j  org.springframework.context.annotation.CommonAnnotationBeanPostProcessor$ResourceElement.getResourceToInject(Ljava/lang/Object;Ljava/lang/String;)Ljava/lang/Object;+25
j  org.springframework.beans.factory.annotation.InjectionMetadata$InjectedElement.inject(Ljava/lang/Object;Ljava/lang/String;Lorg/springframework/beans/PropertyValues;)V+27
j  org.springframework.beans.factory.annotation.InjectionMetadata.inject(Ljava/lang/Object;Ljava/lang/String;Lorg/springframework/beans/PropertyValues;)V+116
j  org.springframework.context.annotation.CommonAnnotationBeanPostProcessor.postProcessProperties(Lorg/springframework/beans/PropertyValues;Ljava/lang/Object;Ljava/lang/String;)Lorg/springframework/beans/PropertyValues;+17
j  org.springframework.beans.factory.support.AbstractAutowireCapableBeanFactory.populateBean(Ljava/lang/String;Lorg/springframework/beans/factory/support/RootBeanDefinition;Lorg/springframework/beans/BeanWrapper;)V+303
j  org.springframework.beans.factory.support.AbstractAutowireCapableBeanFactory.doCreateBean(Ljava/lang/String;Lorg/springframework/beans/factory/support/RootBeanDefinition;[Ljava/lang/Object;)Ljava/lang/Object;+237
j  org.springframework.beans.factory.support.AbstractAutowireCapableBeanFactory.createBean(Ljava/lang/String;Lorg/springframework/beans/factory/support/RootBeanDefinition;[Ljava/lang/Object;)Ljava/lang/Object;+169
j  org.springframework.beans.factory.support.AbstractBeanFactory.lambda$doGetBean$0(Ljava/lang/String;Lorg/springframework/beans/factory/support/RootBeanDefinition;[Ljava/lang/Object;)Ljava/lang/Object;+4
j  org.springframework.beans.factory.support.AbstractBeanFactory$$Lambda$182.getObject()Ljava/lang/Object;+16
j  org.springframework.beans.factory.support.DefaultSingletonBeanRegistry.getSingleton(Ljava/lang/String;Lorg/springframework/beans/factory/ObjectFactory;)Ljava/lang/Object;+132
j  org.springframework.beans.factory.support.AbstractBeanFactory.doGetBean(Ljava/lang/String;Ljava/lang/Class;[Ljava/lang/Object;Z)Ljava/lang/Object;+467
j  org.springframework.beans.factory.support.AbstractBeanFactory.getBean(Ljava/lang/String;)Ljava/lang/Object;+5
j  org.springframework.beans.factory.config.DependencyDescriptor.resolveCandidate(Ljava/lang/String;Ljava/lang/Class;Lorg/springframework/beans/factory/BeanFactory;)Ljava/lang/Object;+2
j  org.springframework.beans.factory.support.DefaultListableBeanFactory.doResolveDependency(Lorg/springframework/beans/factory/config/DependencyDescriptor;Ljava/lang/String;Ljava/util/Set;Lorg/springframework/beans/TypeConverter;)Ljava/lang/Object;+440
j  org.springframework.beans.factory.support.DefaultListableBeanFactory.resolveDependency(Lorg/springframework/beans/factory/config/DependencyDescriptor;Ljava/lang/String;Ljava/util/Set;Lorg/springframework/beans/TypeConverter;)Ljava/lang/Object;+108
j  org.springframework.beans.factory.annotation.AutowiredAnnotationBeanPostProcessor$AutowiredFieldElement.inject(Ljava/lang/Object;Ljava/lang/String;Lorg/springframework/beans/PropertyValues;)V+115
j  org.springframework.beans.factory.annotation.InjectionMetadata.inject(Ljava/lang/Object;Ljava/lang/String;Lorg/springframework/beans/PropertyValues;)V+116
j  org.springframework.beans.factory.annotation.AutowiredAnnotationBeanPostProcessor.postProcessProperties(Lorg/springframework/beans/PropertyValues;Ljava/lang/Object;Ljava/lang/String;)Lorg/springframework/beans/PropertyValues;+17
j  org.springframework.beans.factory.support.AbstractAutowireCapableBeanFactory.populateBean(Ljava/lang/String;Lorg/springframework/beans/factory/support/RootBeanDefinition;Lorg/springframework/beans/BeanWrapper;)V+303
j  org.springframework.beans.factory.support.AbstractAutowireCapableBeanFactory.doCreateBean(Ljava/lang/String;Lorg/springframework/beans/factory/support/RootBeanDefinition;[Ljava/lang/Object;)Ljava/lang/Object;+237
j  org.springframework.beans.factory.support.AbstractAutowireCapableBeanFactory.createBean(Ljava/lang/String;Lorg/springframework/beans/factory/support/RootBeanDefinition;[Ljava/lang/Object;)Ljava/lang/Object;+169
j  org.springframework.beans.factory.support.AbstractBeanFactory.lambda$doGetBean$0(Ljava/lang/String;Lorg/springframework/beans/factory/support/RootBeanDefinition;[Ljava/lang/Object;)Ljava/lang/Object;+4
j  org.springframework.beans.factory.support.AbstractBeanFactory$$Lambda$182.getObject()Ljava/lang/Object;+16
j  org.springframework.beans.factory.support.DefaultSingletonBeanRegistry.getSingleton(Ljava/lang/String;Lorg/springframework/beans/factory/ObjectFactory;)Ljava/lang/Object;+132
j  org.springframework.beans.factory.support.AbstractBeanFactory.doGetBean(Ljava/lang/String;Ljava/lang/Class;[Ljava/lang/Object;Z)Ljava/lang/Object;+467
j  org.springframework.beans.factory.support.AbstractBeanFactory.getBean(Ljava/lang/String;)Ljava/lang/Object;+5
j  org.springframework.beans.factory.support.DefaultListableBeanFactory.preInstantiateSingletons()V+248
j  org.springframework.context.support.AbstractApplicationContext.finishBeanFactoryInitialization(Lorg/springframework/beans/factory/config/ConfigurableListableBeanFactory;)V+124
j  org.springframework.context.support.AbstractApplicationContext.refresh()V+54
j  org.springframework.boot.web.servlet.context.ServletWebServerApplicationContext.refresh()V+1
j  org.springframework.boot.SpringApplication.refresh(Lorg/springframework/context/ApplicationContext;)V+10
j  org.springframework.boot.SpringApplication.refreshContext(Lorg/springframework/context/ConfigurableApplicationContext;)V+2
j  org.springframework.boot.SpringApplication.run([Ljava/lang/String;)Lorg/springframework/context/ConfigurableApplicationContext;+118
j  org.springframework.boot.SpringApplication.run([Ljava/lang/Class;[Ljava/lang/String;)Lorg/springframework/context/ConfigurableApplicationContext;+9
j  org.springframework.boot.SpringApplication.run(Ljava/lang/Class;[Ljava/lang/String;)Lorg/springframework/context/ConfigurableApplicationContext;+9
j  com.yuhsuanzhang.him.imserver.IMServerApplication.main([Ljava/lang/String;)V+3
v  ~StubRoutines::call_stub

---------------  P R O C E S S  ---------------

Java Threads: ( => current thread )
  0x00007f84a3b62800 JavaThread "QuantumRenderer-0" daemon [_thread_blocked, id=35847, stack(0x0000700010556000,0x0000700010656000)]
  0x00007f84a62ee000 JavaThread "Thread-17" daemon [_thread_blocked, id=36111, stack(0x0000700010453000,0x0000700010553000)]
  0x00007f84a324d000 JavaThread "RMI TCP Connection(2)-127.0.0.1" daemon [_thread_in_native, id=18199, stack(0x000070001014a000,0x000070001024a000)]
  0x00007f84a6210000 JavaThread "Java2D Disposer" daemon [_thread_blocked, id=38919, stack(0x0000700010047000,0x0000700010147000)]
  0x00007f84a6250000 JavaThread "Image Fetcher 3" daemon [_thread_blocked, id=24839, stack(0x000070000ff44000,0x0000700010044000)]
  0x00007f84a3229800 JavaThread "AWT-AppKit" daemon [_thread_in_native, id=259, stack(0x00007ff7b8bab000,0x00007ff7b93ab000)]
  0x00007f84a61e7800 JavaThread "CacheCleanUpThread" daemon [_thread_blocked, id=39939, stack(0x000070000fe41000,0x000070000ff41000)]
  0x00007f84a61e7000 JavaThread "traceMsgQueueThread" daemon [_thread_blocked, id=24323, stack(0x000070000fd3e000,0x000070000fe3e000)]
  0x00007f84a3223800 JavaThread "CacheMemoryCleanUpThread" daemon [_thread_blocked, id=40451, stack(0x000070000fc3b000,0x000070000fd3b000)]
  0x00007f84a61db800 JavaThread "MemoryCache-DelayedCleanup" daemon [_thread_blocked, id=23819, stack(0x000070000fb38000,0x000070000fc38000)]
  0x00007f84a396b800 JavaThread "container-0" [_thread_blocked, id=41219, stack(0x000070000fa35000,0x000070000fb35000)]
  0x00007f84a61ba000 JavaThread "Catalina-utility-2" [_thread_blocked, id=41731, stack(0x000070000f932000,0x000070000fa32000)]
  0x00007f84a70d3800 JavaThread "Catalina-utility-1" [_thread_blocked, id=23563, stack(0x000070000f82f000,0x000070000f92f000)]
  0x00007f84aa009000 JavaThread "RMI Scheduler(0)" daemon [_thread_blocked, id=23043, stack(0x000070000f72c000,0x000070000f82c000)]
  0x00007f84a18b1800 JavaThread "RMI TCP Connection(3)-127.0.0.1" daemon [_thread_in_native, id=42499, stack(0x000070000f629000,0x000070000f729000)]
  0x00007f84a7286800 JavaThread "Attach Listener" daemon [_thread_blocked, id=43019, stack(0x000070000f526000,0x000070000f626000)]
  0x00007f84a30dd800 JavaThread "RMI TCP Accept-0" daemon [_thread_in_native, id=22019, stack(0x000070000f320000,0x000070000f420000)]
  0x00007f84a30f3800 JavaThread "Service Thread" daemon [_thread_blocked, id=21763, stack(0x000070000f21d000,0x000070000f31d000)]
  0x00007f84a30e2800 JavaThread "C1 CompilerThread3" daemon [_thread_blocked, id=15619, stack(0x000070000f11a000,0x000070000f21a000)]
  0x00007f84a30e2000 JavaThread "C2 CompilerThread2" daemon [_thread_blocked, id=16131, stack(0x000070000f017000,0x000070000f117000)]
  0x00007f84a30e1000 JavaThread "C2 CompilerThread1" daemon [_thread_blocked, id=14851, stack(0x000070000ef14000,0x000070000f014000)]
  0x00007f84a6025800 JavaThread "C2 CompilerThread0" daemon [_thread_blocked, id=14595, stack(0x000070000ee11000,0x000070000ef11000)]
  0x00007f84a6019000 JavaThread "Monitor Ctrl-Break" daemon [_thread_in_native, id=14339, stack(0x000070000ed0e000,0x000070000ee0e000)]
  0x00007f84a7008800 JavaThread "Signal Dispatcher" daemon [_thread_blocked, id=16899, stack(0x000070000ec0b000,0x000070000ed0b000)]
  0x00007f84a181c000 JavaThread "Finalizer" daemon [_thread_blocked, id=19459, stack(0x000070000ea02000,0x000070000eb02000)]
  0x00007f84a3039800 JavaThread "Reference Handler" daemon [_thread_blocked, id=19971, stack(0x000070000e8ff000,0x000070000e9ff000)]
=>0x00007f84a3809000 JavaThread "main" [_thread_in_vm, id=3587, stack(0x000070000dcdb000,0x000070000dddb000)]

Other Threads:
  0x00007f84a3034800 VMThread [stack: 0x000070000e7fc000,0x000070000e8fc000] [id=20483]
  0x00007f84a221b000 WatcherThread [stack: 0x000070000f423000,0x000070000f523000] [id=22531]

VM state:not at safepoint (normal execution)

VM Mutex/Monitor currently owned by a thread: None

heap address: 0x00000006c0000000, size: 4096 MB, Compressed Oops mode: Zero based, Oop shift amount: 3
Narrow klass base: 0x0000000000000000, Narrow klass shift: 3
Compressed class space size: 1073741824 Address: 0x00000007c0000000

Heap:
 PSYoungGen      total 344064K, used 12084K [0x000000076ab00000, 0x0000000789600000, 0x00000007c0000000)
  eden space 311296K, 3% used [0x000000076ab00000,0x000000076b6cd120,0x000000077db00000)
  from space 32768K, 0% used [0x000000077db00000,0x000000077db00000,0x000000077fb00000)
  to   space 40448K, 0% used [0x0000000786e80000,0x0000000786e80000,0x0000000789600000)
 ParOldGen       total 254976K, used 82943K [0x00000006c0000000, 0x00000006cf900000, 0x000000076ab00000)
  object space 254976K, 32% used [0x00000006c0000000,0x00000006c50ffe38,0x00000006cf900000)
 Metaspace       used 57814K, capacity 59432K, committed 59776K, reserved 1101824K
  class space    used 7202K, capacity 7545K, committed 7552K, reserved 1048576K

Card table byte_map: [0x0000000107141000,0x0000000107942000] byte_map_base: 0x0000000103b41000

Marking Bits: (ParMarkBitMap*) 0x0000000108515e40
 Begin Bits: [0x0000000109129000, 0x000000010d129000)
 End Bits:   [0x000000010d129000, 0x0000000111129000)

Polling page: 0x0000000106c97000

CodeCache: size=245760Kb used=7746Kb max_used=7746Kb free=238014Kb
 bounds [0x0000000116773000, 0x0000000116f13000, 0x0000000125773000]
 total_blobs=4425 nmethods=3737 adapters=601
 compilation: enabled

Compilation events (10 events):
Event: 7.203 Thread 0x00007f84a30e2800 nmethod 3755 0x0000000116927710 code [0x0000000116927880, 0x00000001169279c8]
Event: 7.203 Thread 0x00007f84a30e2800 3756       1       java.nio.Buffer::clear (20 bytes)
Event: 7.203 Thread 0x00007f84a30e2800 nmethod 3756 0x0000000116927450 code [0x00000001169275a0, 0x00000001169276d0]
Event: 7.203 Thread 0x00007f84a30e2800 3757       1       sun.nio.cs.StreamEncoder::writeBytes (132 bytes)
Event: 7.203 Thread 0x00007f84a30e2800 nmethod 3757 0x0000000116926ad0 code [0x0000000116926ca0, 0x00000001169270d8]
Event: 7.203 Thread 0x00007f84a30e2800 3758   !   1       java.io.BufferedWriter::flushBuffer (53 bytes)
Event: 7.203 Thread 0x00007f84a30e2800 nmethod 3758 0x0000000116f02850 code [0x0000000116f029e0, 0x0000000116f02df8]
Event: 7.204 Thread 0x00007f84a30e2800 3759       1       sun.nio.cs.StreamEncoder::implFlushBuffer (15 bytes)
Event: 7.204 Thread 0x00007f84a30e2800 nmethod 3759 0x0000000116926750 code [0x00000001169268c0, 0x0000000116926a08]
Event: 7.204 Thread 0x00007f84a30e2800 3760       1       java.io.OutputStreamWriter::write (11 bytes)

GC Heap History (10 events):
Event: 2.629 GC heap before
{Heap before GC invocations=10 (full 1):
 PSYoungGen      total 242688K, used 242662K [0x000000076ab00000, 0x000000077bd80000, 0x00000007c0000000)
  eden space 225792K, 100% used [0x000000076ab00000,0x0000000778780000,0x0000000778780000)
  from space 16896K, 99% used [0x0000000779c80000,0x000000077acf9ae8,0x000000077ad00000)
  to   space 21504K, 0% used [0x0000000778780000,0x0000000778780000,0x0000000779c80000)
 ParOldGen       total 102912K, used 17767K [0x00000006c0000000, 0x00000006c6480000, 0x000000076ab00000)
  object space 102912K, 17% used [0x00000006c0000000,0x00000006c1159f68,0x00000006c6480000)
 Metaspace       used 32580K, capacity 34188K, committed 34432K, reserved 1079296K
  class space    used 4353K, capacity 4676K, committed 4736K, reserved 1048576K
Event: 2.643 GC heap after
Heap after GC invocations=10 (full 1):
 PSYoungGen      total 247296K, used 21472K [0x000000076ab00000, 0x0000000781580000, 0x00000007c0000000)
  eden space 225792K, 0% used [0x000000076ab00000,0x000000076ab00000,0x0000000778780000)
  from space 21504K, 99% used [0x0000000778780000,0x0000000779c78068,0x0000000779c80000)
  to   space 27136K, 0% used [0x000000077fb00000,0x000000077fb00000,0x0000000781580000)
 ParOldGen       total 102912K, used 24918K [0x00000006c0000000, 0x00000006c6480000, 0x000000076ab00000)
  object space 102912K, 24% used [0x00000006c0000000,0x00000006c1855a58,0x00000006c6480000)
 Metaspace       used 32580K, capacity 34188K, committed 34432K, reserved 1079296K
  class space    used 4353K, capacity 4676K, committed 4736K, reserved 1048576K
}
Event: 2.839 GC heap before
{Heap before GC invocations=11 (full 1):
 PSYoungGen      total 247296K, used 213084K [0x000000076ab00000, 0x0000000781580000, 0x00000007c0000000)
  eden space 225792K, 84% used [0x000000076ab00000,0x000000077661f350,0x0000000778780000)
  from space 21504K, 99% used [0x0000000778780000,0x0000000779c78068,0x0000000779c80000)
  to   space 27136K, 0% used [0x000000077fb00000,0x000000077fb00000,0x0000000781580000)
 ParOldGen       total 102912K, used 24918K [0x00000006c0000000, 0x00000006c6480000, 0x000000076ab00000)
  object space 102912K, 24% used [0x00000006c0000000,0x00000006c1855a58,0x00000006c6480000)
 Metaspace       used 33757K, capacity 35382K, committed 35496K, reserved 1079296K
  class space    used 4452K, capacity 4773K, committed 4864K, reserved 1048576K
Event: 2.855 GC heap after
Heap after GC invocations=11 (full 1):
 PSYoungGen      total 338432K, used 27136K [0x000000076ab00000, 0x0000000782580000, 0x00000007c0000000)
  eden space 311296K, 0% used [0x000000076ab00000,0x000000076ab00000,0x000000077db00000)
  from space 27136K, 100% used [0x000000077fb00000,0x0000000781580000,0x0000000781580000)
  to   space 32768K, 0% used [0x000000077db00000,0x000000077db00000,0x000000077fb00000)
 ParOldGen       total 102912K, used 29051K [0x00000006c0000000, 0x00000006c6480000, 0x000000076ab00000)
  object space 102912K, 28% used [0x00000006c0000000,0x00000006c1c5ede8,0x00000006c6480000)
 Metaspace       used 33757K, capacity 35382K, committed 35496K, reserved 1079296K
  class space    used 4452K, capacity 4773K, committed 4864K, reserved 1048576K
}
Event: 2.855 GC heap before
{Heap before GC invocations=12 (full 2):
 PSYoungGen      total 338432K, used 27136K [0x000000076ab00000, 0x0000000782580000, 0x00000007c0000000)
  eden space 311296K, 0% used [0x000000076ab00000,0x000000076ab00000,0x000000077db00000)
  from space 27136K, 100% used [0x000000077fb00000,0x0000000781580000,0x0000000781580000)
  to   space 32768K, 0% used [0x000000077db00000,0x000000077db00000,0x000000077fb00000)
 ParOldGen       total 102912K, used 29051K [0x00000006c0000000, 0x00000006c6480000, 0x000000076ab00000)
  object space 102912K, 28% used [0x00000006c0000000,0x00000006c1c5ede8,0x00000006c6480000)
 Metaspace       used 33757K, capacity 35382K, committed 35496K, reserved 1079296K
  class space    used 4452K, capacity 4773K, committed 4864K, reserved 1048576K
Event: 2.926 GC heap after
Heap after GC invocations=12 (full 2):
 PSYoungGen      total 338432K, used 0K [0x000000076ab00000, 0x0000000782580000, 0x00000007c0000000)
  eden space 311296K, 0% used [0x000000076ab00000,0x000000076ab00000,0x000000077db00000)
  from space 27136K, 0% used [0x000000077fb00000,0x000000077fb00000,0x0000000781580000)
  to   space 32768K, 0% used [0x000000077db00000,0x000000077db00000,0x000000077fb00000)
 ParOldGen       total 181760K, used 45796K [0x00000006c0000000, 0x00000006cb180000, 0x000000076ab00000)
  object space 181760K, 25% used [0x00000006c0000000,0x00000006c2cb9138,0x00000006cb180000)
 Metaspace       used 33757K, capacity 35382K, committed 35496K, reserved 1079296K
  class space    used 4452K, capacity 4773K, committed 4864K, reserved 1048576K
}
Event: 6.947 GC heap before
{Heap before GC invocations=13 (full 2):
 PSYoungGen      total 338432K, used 258807K [0x000000076ab00000, 0x0000000782580000, 0x00000007c0000000)
  eden space 311296K, 83% used [0x000000076ab00000,0x000000077a7bdf18,0x000000077db00000)
  from space 27136K, 0% used [0x000000077fb00000,0x000000077fb00000,0x0000000781580000)
  to   space 32768K, 0% used [0x000000077db00000,0x000000077db00000,0x000000077fb00000)
 ParOldGen       total 181760K, used 45796K [0x00000006c0000000, 0x00000006cb180000, 0x000000076ab00000)
  object space 181760K, 25% used [0x00000006c0000000,0x00000006c2cb9138,0x00000006cb180000)
 Metaspace       used 57208K, capacity 58862K, committed 59136K, reserved 1101824K
  class space    used 7100K, capacity 7420K, committed 7424K, reserved 1048576K
Event: 6.972 GC heap after
Heap after GC invocations=13 (full 2):
 PSYoungGen      total 344064K, used 32754K [0x000000076ab00000, 0x0000000789600000, 0x00000007c0000000)
  eden space 311296K, 0% used [0x000000076ab00000,0x000000076ab00000,0x000000077db00000)
  from space 32768K, 99% used [0x000000077db00000,0x000000077fafcb48,0x000000077fb00000)
  to   space 40448K, 0% used [0x0000000786e80000,0x0000000786e80000,0x0000000789600000)
 ParOldGen       total 181760K, used 52857K [0x00000006c0000000, 0x00000006cb180000, 0x000000076ab00000)
  object space 181760K, 29% used [0x00000006c0000000,0x00000006c339e418,0x00000006cb180000)
 Metaspace       used 57208K, capacity 58862K, committed 59136K, reserved 1101824K
  class space    used 7100K, capacity 7420K, committed 7424K, reserved 1048576K
}
Event: 6.972 GC heap before
{Heap before GC invocations=14 (full 3):
 PSYoungGen      total 344064K, used 32754K [0x000000076ab00000, 0x0000000789600000, 0x00000007c0000000)
  eden space 311296K, 0% used [0x000000076ab00000,0x000000076ab00000,0x000000077db00000)
  from space 32768K, 99% used [0x000000077db00000,0x000000077fafcb48,0x000000077fb00000)
  to   space 40448K, 0% used [0x0000000786e80000,0x0000000786e80000,0x0000000789600000)
 ParOldGen       total 181760K, used 52857K [0x00000006c0000000, 0x00000006cb180000, 0x000000076ab00000)
  object space 181760K, 29% used [0x00000006c0000000,0x00000006c339e418,0x00000006cb180000)
 Metaspace       used 57208K, capacity 58862K, committed 59136K, reserved 1101824K
  class space    used 7100K, capacity 7420K, committed 7424K, reserved 1048576K
Event: 7.137 GC heap after
Heap after GC invocations=14 (full 3):
 PSYoungGen      total 344064K, used 0K [0x000000076ab00000, 0x0000000789600000, 0x00000007c0000000)
  eden space 311296K, 0% used [0x000000076ab00000,0x000000076ab00000,0x000000077db00000)
  from space 32768K, 0% used [0x000000077db00000,0x000000077db00000,0x000000077fb00000)
  to   space 40448K, 0% used [0x0000000786e80000,0x0000000786e80000,0x0000000789600000)
 ParOldGen       total 254976K, used 82943K [0x00000006c0000000, 0x00000006cf900000, 0x000000076ab00000)
  object space 254976K, 32% used [0x00000006c0000000,0x00000006c50ffe38,0x00000006cf900000)
 Metaspace       used 57208K, capacity 58862K, committed 59136K, reserved 1101824K
  class space    used 7100K, capacity 7420K, committed 7424K, reserved 1048576K
}

Deoptimization events (0 events):
No events

Classes redefined (0 events):
No events

Internal exceptions (10 events):
Event: 6.941 Thread 0x00007f84a3809000 Exception <a 'java/lang/NoClassDefFoundError'> (0x000000077a2c8ba8) thrown at [/Users/java_re/workspace/8-2-build-macosx-x86_64/jdk8u211/12973/hotspot/src/share/vm/prims/jvm.cpp, line 1506]
Event: 6.944 Thread 0x00007f84a3809000 Exception <a 'java/lang/NoClassDefFoundError': com/sun/deploy/uitoolkit/ui/PluginUIFactory> (0x000000077a36a140) thrown at [/Users/java_re/workspace/8-2-build-macosx-x86_64/jdk8u211/12973/hotspot/src/share/vm/classfile/systemDictionary.cpp, line 199]
Event: 6.944 Thread 0x00007f84a3809000 Exception <a 'java/lang/NoClassDefFoundError'> (0x000000077a36a140) thrown at [/Users/java_re/workspace/8-2-build-macosx-x86_64/jdk8u211/12973/hotspot/src/share/vm/prims/jvm.cpp, line 1506]
Event: 6.944 Thread 0x00007f84a3809000 Exception <a 'java/lang/ClassNotFoundException': com/sun/deploy/ui/DialogTemplate> (0x000000077a3929a8) thrown at [/Users/java_re/workspace/8-2-build-macosx-x86_64/jdk8u211/12973/hotspot/src/share/vm/classfile/systemDictionary.cpp, line 210]
Event: 7.137 Thread 0x00007f84a3809000 Exception <a 'java/lang/NoClassDefFoundError': javafx.scene.control.Labeled> (0x000000076ab000d8) thrown at [/Users/java_re/workspace/8-2-build-macosx-x86_64/jdk8u211/12973/hotspot/src/share/vm/oops/instanceKlass.cpp, line 627]
Event: 7.143 Thread 0x00007f84a3809000 Exception <a 'java/lang/NoClassDefFoundError': com/sun/deploy/trace/Trace> (0x000000076ab3ddb8) thrown at [/Users/java_re/workspace/8-2-build-macosx-x86_64/jdk8u211/12973/hotspot/src/share/vm/classfile/systemDictionary.cpp, line 199]
Event: 7.143 Thread 0x00007f84a3809000 Exception <a 'java/lang/NoClassDefFoundError'> (0x000000076ab3ddb8) thrown at [/Users/java_re/workspace/8-2-build-macosx-x86_64/jdk8u211/12973/hotspot/src/share/vm/oops/instanceKlass.cpp, line 959]
Event: 7.187 Thread 0x00007f84a3809000 Exception <a 'java/lang/UnsatisfiedLinkError': com.sun.glass.ui.mac.MacAccessible._initIDs()V> (0x000000076af75b30) thrown at [/Users/java_re/workspace/8-2-build-macosx-x86_64/jdk8u211/12973/hotspot/src/share/vm/prims/nativeLookup.cpp, line 378]
Event: 7.187 Thread 0x00007f84a3809000 Exception <a 'java/lang/UnsatisfiedLinkError'> (0x000000076af75b30) thrown at [/Users/java_re/workspace/8-2-build-macosx-x86_64/jdk8u211/12973/hotspot/src/share/vm/oops/instanceKlass.cpp, line 959]
Event: 7.202 Thread 0x00007f84a3809000 Exception <a 'java/lang/ClassNotFoundException': com/sun/glass/ui/EventLoop> (0x000000076afc98b0) thrown at [/Users/java_re/workspace/8-2-build-macosx-x86_64/jdk8u211/12973/hotspot/src/share/vm/classfile/systemDictionary.cpp, line 210]

Events (10 events):
Event: 7.188 loading class com/sun/glass/ui/mac/MacApplication$3
Event: 7.188 loading class com/sun/glass/ui/mac/MacApplication$3 done
Event: 7.188 loading class com/sun/glass/ui/mac/MacApplication$4
Event: 7.188 loading class com/sun/glass/ui/mac/MacApplication$4 done
Event: 7.188 loading class com/sun/glass/ui/mac/MacApplication
Event: 7.188 loading class com/sun/glass/ui/mac/MacApplication done
Event: 7.201 loading class com/sun/glass/ui/mac/MacCommonDialogs
Event: 7.201 loading class com/sun/glass/ui/mac/MacCommonDialogs done
Event: 7.202 loading class com/sun/glass/ui/EventLoop
Event: 7.202 loading class com/sun/glass/ui/EventLoop done


Dynamic libraries:
0x00007ff81a46c000 	/System/Library/Frameworks/Cocoa.framework/Versions/A/Cocoa
0x00007ff8062f1000 	/System/Library/Frameworks/AppKit.framework/Versions/C/AppKit
0x00007ff8097e7000 	/System/Library/Frameworks/CoreData.framework/Versions/A/CoreData
0x00007ff804708000 	/System/Library/Frameworks/Foundation.framework/Versions/C/Foundation
0x00007ff80e5a7000 	/usr/lib/libSystem.B.dylib
0x00007ff807180000 	/System/Library/PrivateFrameworks/UIFoundation.framework/Versions/A/UIFoundation
0x00007ff81441d000 	/System/Library/PrivateFrameworks/RemoteViewServices.framework/Versions/A/RemoteViewServices
0x00007ff80c80d000 	/System/Library/PrivateFrameworks/XCTTargetBootstrap.framework/Versions/A/XCTTargetBootstrap
0x00007ff8103b7000 	/System/Library/PrivateFrameworks/InternationalSupport.framework/Versions/A/InternationalSupport
0x00007ff810441000 	/System/Library/PrivateFrameworks/UserActivity.framework/Versions/A/UserActivity
0x00007ff80f797000 	/usr/lib/libspindump.dylib
0x00007ff80740e000 	/System/Library/Frameworks/UniformTypeIdentifiers.framework/Versions/A/UniformTypeIdentifiers
0x00007ff80af4a000 	/usr/lib/libapp_launch_measurement.dylib
0x00007ff80a1b3000 	/System/Library/PrivateFrameworks/CoreAnalytics.framework/Versions/A/CoreAnalytics
0x00007ff80af4d000 	/System/Library/PrivateFrameworks/CoreAutoLayout.framework/Versions/A/CoreAutoLayout
0x00007ff80c16d000 	/System/Library/Frameworks/Metal.framework/Versions/A/Metal
0x00007ff80ce83000 	/usr/lib/liblangid.dylib
0x00007ff80c811000 	/System/Library/PrivateFrameworks/CoreSVG.framework/Versions/A/CoreSVG
0x00007ff8087d5000 	/System/Library/PrivateFrameworks/SkyLight.framework/Versions/A/SkyLight
0x00007ff808b68000 	/System/Library/Frameworks/CoreGraphics.framework/Versions/A/CoreGraphics
0x00007ff814a8c000 	/System/Library/Frameworks/Accelerate.framework/Versions/A/Accelerate
0x00007ff80f212000 	/System/Library/PrivateFrameworks/IconServices.framework/Versions/A/IconServices
0x00007ff80c152000 	/System/Library/Frameworks/IOSurface.framework/Versions/A/IOSurface
0x00007ff80a1e1000 	/usr/lib/libDiagnosticMessagesClient.dylib
0x00007ff80e4c7000 	/usr/lib/libz.1.dylib
0x00007ff8180fb000 	/System/Library/Frameworks/ApplicationServices.framework/Versions/A/ApplicationServices
0x00007ff80c7f9000 	/System/Library/PrivateFrameworks/DFRFoundation.framework/Versions/A/DFRFoundation
0x00007ff805be2000 	/usr/lib/libicucore.A.dylib
0x00007ff8110dc000 	/System/Library/Frameworks/AudioToolbox.framework/Versions/A/AudioToolbox
0x00007ff8103c3000 	/System/Library/PrivateFrameworks/DataDetectorsCore.framework/Versions/A/DataDetectorsCore
0x00007ff90bd22000 	/System/Library/PrivateFrameworks/TextInput.framework/Versions/A/TextInput
0x00007ff808759000 	/usr/lib/libMobileGestalt.dylib
0x00007ff80c501000 	/System/Library/Frameworks/Carbon.framework/Versions/A/Frameworks/HIToolbox.framework/Versions/A/HIToolbox
0x00007ff80a977000 	/System/Library/Frameworks/QuartzCore.framework/Versions/A/QuartzCore
0x00007ff805882000 	/System/Library/Frameworks/Security.framework/Versions/A/Security
0x00007ff814455000 	/System/Library/Frameworks/Carbon.framework/Versions/A/Frameworks/SpeechRecognition.framework/Versions/A/SpeechRecognition
0x00007ff80acaa000 	/System/Library/PrivateFrameworks/CoreUI.framework/Versions/A/CoreUI
0x00007ff80515a000 	/System/Library/Frameworks/CoreAudio.framework/Versions/A/CoreAudio
0x00007ff80a2cf000 	/System/Library/Frameworks/DiskArbitration.framework/Versions/A/DiskArbitration
0x00007ff80fb7e000 	/System/Library/PrivateFrameworks/MultitouchSupport.framework/Versions/A/MultitouchSupport
0x00007ff808758000 	/usr/lib/libenergytrace.dylib
0x00007ff8061dd000 	/System/Library/Frameworks/IOKit.framework/Versions/A/IOKit
0x00007ff814841000 	/System/Library/Frameworks/CoreServices.framework/Versions/A/CoreServices
0x00007ff80aee4000 	/System/Library/PrivateFrameworks/PerformanceAnalysis.framework/Versions/A/PerformanceAnalysis
0x00007ffa1b4ed000 	/System/Library/Frameworks/OpenGL.framework/Versions/A/OpenGL
0x00007ff80daf8000 	/System/Library/PrivateFrameworks/MobileKeyBag.framework/Versions/A/MobileKeyBag
0x00007ff8036c9000 	/usr/lib/libobjc.A.dylib
0x00007ff809234000 	/System/Library/Frameworks/ColorSync.framework/Versions/A/ColorSync
0x00007ff803882000 	/System/Library/Frameworks/CoreFoundation.framework/Versions/A/CoreFoundation
0x00007ff80ca8a000 	/System/Library/Frameworks/CoreImage.framework/Versions/A/CoreImage
0x00007ff804f70000 	/System/Library/Frameworks/CoreText.framework/Versions/A/CoreText
0x00007ff80c840000 	/System/Library/Frameworks/ImageIO.framework/Versions/A/ImageIO
0x00007ff80e5ad000 	/System/Library/PrivateFrameworks/SoftLinking.framework/Versions/A/SoftLinking
0x00007ff80af95000 	/usr/lib/libxml2.2.dylib
0x00007ff80378f000 	/usr/lib/libc++.1.dylib
0x00007ff80e831000 	/usr/lib/libcompression.dylib
0x00007ff8102ed000 	/System/Library/PrivateFrameworks/TextureIO.framework/Versions/A/TextureIO
0x00007ff80ef24000 	/usr/lib/libate.dylib
0x00007ff80e5a2000 	/usr/lib/system/libcache.dylib
0x00007ff80e55e000 	/usr/lib/system/libcommonCrypto.dylib
0x00007ff80e587000 	/usr/lib/system/libcompiler_rt.dylib
0x00007ff80e57d000 	/usr/lib/system/libcopyfile.dylib
0x00007ff8035c3000 	/usr/lib/system/libcorecrypto.dylib
0x00007ff803682000 	/usr/lib/system/libdispatch.dylib
0x00007ff803841000 	/usr/lib/system/libdyld.dylib
0x00007ff80e599000 	/usr/lib/system/libkeymgr.dylib
0x00007ff80e53c000 	/usr/lib/system/libmacho.dylib
0x00007ff80dbcc000 	/usr/lib/system/libquarantine.dylib
0x00007ff80e597000 	/usr/lib/system/libremovefile.dylib
0x00007ff8087a5000 	/usr/lib/system/libsystem_asl.dylib
0x00007ff803571000 	/usr/lib/system/libsystem_blocks.dylib
0x00007ff803706000 	/usr/lib/system/libsystem_c.dylib
0x00007ff80e58f000 	/usr/lib/system/libsystem_collections.dylib
0x00007ff80ce74000 	/usr/lib/system/libsystem_configuration.dylib
0x00007ff80c135000 	/usr/lib/system/libsystem_containermanager.dylib
0x00007ff80e279000 	/usr/lib/system/libsystem_coreservices.dylib
0x00007ff805e6b000 	/usr/lib/system/libsystem_darwin.dylib
0x00007ff80e59a000 	/usr/lib/system/libsystem_dnssd.dylib
0x00007ff803703000 	/usr/lib/system/libsystem_featureflags.dylib
0x00007ff803857000 	/usr/lib/system/libsystem_info.dylib
0x00007ff80e4da000 	/usr/lib/system/libsystem_m.dylib
0x00007ff803656000 	/usr/lib/system/libsystem_malloc.dylib
0x00007ff808742000 	/usr/lib/system/libsystem_networkextension.dylib
0x00007ff806293000 	/usr/lib/system/libsystem_notify.dylib
0x00007ff814716000 	/usr/lib/system/libsystem_product_info_filter.dylib
0x00007ff80ce78000 	/usr/lib/system/libsystem_sandbox.dylib
0x00007ff80e594000 	/usr/lib/system/libsystem_secinit.dylib
0x00007ff8037fe000 	/usr/lib/system/libsystem_kernel.dylib
0x00007ff80384d000 	/usr/lib/system/libsystem_platform.dylib
0x00007ff803835000 	/usr/lib/system/libsystem_pthread.dylib
0x00007ff809ffa000 	/usr/lib/system/libsystem_symptoms.dylib
0x00007ff8035aa000 	/usr/lib/system/libsystem_trace.dylib
0x00007ff80e56a000 	/usr/lib/system/libunwind.dylib
0x00007ff803573000 	/usr/lib/system/libxpc.dylib
0x00007ff8037e8000 	/usr/lib/libc++abi.dylib
0x00007ff80e575000 	/usr/lib/liboah.dylib
0x00007ff80ed02000 	/usr/lib/liblzma.5.dylib
0x00007ff804419000 	/System/Library/Frameworks/SystemConfiguration.framework/Versions/A/SystemConfiguration
0x00007ff80e5a9000 	/usr/lib/libfakelink.dylib
0x00007ff8082ab000 	/System/Library/Frameworks/CFNetwork.framework/Versions/A/CFNetwork
0x00007ff80e6e8000 	/usr/lib/libarchive.2.dylib
0x00007ff80ce7f000 	/System/Library/PrivateFrameworks/AppleSystemInfo.framework/Versions/A/AppleSystemInfo
0x00007ff80dbf3000 	/usr/lib/libbsm.0.dylib
0x00007ff8078e1000 	/usr/lib/libnetwork.dylib
0x00007ff80e542000 	/usr/lib/system/libkxld.dylib
0x00007ff80d821000 	/System/Library/PrivateFrameworks/IOMobileFramebuffer.framework/Versions/A/IOMobileFramebuffer
0x00007ffb1929b000 	/usr/lib/libCoreEntitlements.dylib
0x00007ff80e25b000 	/System/Library/PrivateFrameworks/AppleFSCompression.framework/Versions/A/AppleFSCompression
0x00007ff80dbdb000 	/usr/lib/libcoretls.dylib
0x00007ff80ed1c000 	/usr/lib/libcoretls_cfhelpers.dylib
0x00007ff80e82c000 	/usr/lib/libpam.2.dylib
0x00007ff809c1c000 	/usr/lib/libsqlite3.dylib
0x00007ff80ed8b000 	/usr/lib/libxar.1.dylib
0x00007ff80e26b000 	/usr/lib/libbz2.1.0.dylib
0x00007ff80e5ae000 	/usr/lib/libpcap.A.dylib
0x00007ff809ff1000 	/usr/lib/libdns_services.dylib
0x00007ff80e7fb000 	/usr/lib/libapple_nghttp2.dylib
0x00007ff80e5e5000 	/usr/lib/libiconv.2.dylib
0x00007ff80e53b000 	/usr/lib/libcharset.1.dylib
0x00007ff80af18000 	/System/Library/Frameworks/CoreServices.framework/Versions/A/Frameworks/FSEvents.framework/Versions/A/FSEvents
0x00007ff805e75000 	/System/Library/Frameworks/CoreServices.framework/Versions/A/Frameworks/CarbonCore.framework/Versions/A/CarbonCore
0x00007ff80a234000 	/System/Library/Frameworks/CoreServices.framework/Versions/A/Frameworks/Metadata.framework/Versions/A/Metadata
0x00007ff80e27e000 	/System/Library/Frameworks/CoreServices.framework/Versions/A/Frameworks/OSServices.framework/Versions/A/OSServices
0x00007ff80e76f000 	/System/Library/Frameworks/CoreServices.framework/Versions/A/Frameworks/SearchKit.framework/Versions/A/SearchKit
0x00007ff809f83000 	/System/Library/Frameworks/CoreServices.framework/Versions/A/Frameworks/AE.framework/Versions/A/AE
0x00007ff803d85000 	/System/Library/Frameworks/CoreServices.framework/Versions/A/Frameworks/LaunchServices.framework/Versions/A/LaunchServices
0x00007ff80ecb3000 	/System/Library/Frameworks/CoreServices.framework/Versions/A/Frameworks/DictionaryServices.framework/Versions/A/DictionaryServices
0x00007ff80af25000 	/System/Library/Frameworks/CoreServices.framework/Versions/A/Frameworks/SharedFileList.framework/Versions/A/SharedFileList
0x00007ff80dbcf000 	/usr/lib/libCheckFix.dylib
0x00007ff8087bc000 	/System/Library/PrivateFrameworks/TCC.framework/Versions/A/TCC
0x00007ff80ce85000 	/System/Library/PrivateFrameworks/CoreNLP.framework/Versions/A/CoreNLP
0x00007ff80a1e4000 	/System/Library/PrivateFrameworks/MetadataUtilities.framework/Versions/A/MetadataUtilities
0x00007ff8044c9000 	/usr/lib/libmecabra.dylib
0x00007ff80dc03000 	/usr/lib/libmecab.dylib
0x00007ff804494000 	/usr/lib/libCRFSuite.dylib
0x00007ff80dc60000 	/usr/lib/libgermantok.dylib
0x00007ff80e7d6000 	/usr/lib/libThaiTokenizer.dylib
0x00007ff80a2d6000 	/System/Library/Frameworks/Accelerate.framework/Versions/A/Frameworks/vImage.framework/Versions/A/vImage
0x00007ff814818000 	/System/Library/Frameworks/Accelerate.framework/Versions/A/Frameworks/vecLib.framework/Versions/A/vecLib
0x00007ff80edcc000 	/System/Library/Frameworks/Accelerate.framework/Versions/A/Frameworks/vecLib.framework/Versions/A/libvMisc.dylib
0x00007ff80d63f000 	/System/Library/Frameworks/Accelerate.framework/Versions/A/Frameworks/vecLib.framework/Versions/A/libvDSP.dylib
0x00007ff8040fd000 	/System/Library/Frameworks/Accelerate.framework/Versions/A/Frameworks/vecLib.framework/Versions/A/libBLAS.dylib
0x00007ff80e90d000 	/System/Library/Frameworks/Accelerate.framework/Versions/A/Frameworks/vecLib.framework/Versions/A/libLAPACK.dylib
0x00007ff80dc63000 	/System/Library/Frameworks/Accelerate.framework/Versions/A/Frameworks/vecLib.framework/Versions/A/libLinearAlgebra.dylib
0x00007ff80e814000 	/System/Library/Frameworks/Accelerate.framework/Versions/A/Frameworks/vecLib.framework/Versions/A/libSparseBLAS.dylib
0x00007ff80e907000 	/System/Library/Frameworks/Accelerate.framework/Versions/A/Frameworks/vecLib.framework/Versions/A/libQuadrature.dylib
0x00007ff80cf6f000 	/System/Library/Frameworks/Accelerate.framework/Versions/A/Frameworks/vecLib.framework/Versions/A/libBNNS.dylib
0x00007ff8043aa000 	/System/Library/Frameworks/Accelerate.framework/Versions/A/Frameworks/vecLib.framework/Versions/A/libSparse.dylib
0x00007ff80cf68000 	/System/Library/PrivateFrameworks/LinguisticData.framework/Versions/A/LinguisticData
0x00007ff80435f000 	/System/Library/PrivateFrameworks/Lexicon.framework/Versions/A/Lexicon
0x00007ff80edc5000 	/usr/lib/libChineseTokenizer.dylib
0x00007ff804ac3000 	/System/Library/PrivateFrameworks/LanguageModeling.framework/Versions/A/LanguageModeling
0x00007ff80e7d8000 	/System/Library/PrivateFrameworks/AppleSauce.framework/Versions/A/AppleSauce
0x00007ff80d80f000 	/System/Library/PrivateFrameworks/CoreEmoji.framework/Versions/A/CoreEmoji
0x00007ff80e6d7000 	/usr/lib/libcmph.dylib
0x00007ff80aefc000 	/System/Library/Frameworks/OpenDirectory.framework/Versions/A/Frameworks/CFOpenDirectory.framework/Versions/A/CFOpenDirectory
0x00007ff80aef0000 	/System/Library/Frameworks/OpenDirectory.framework/Versions/A/OpenDirectory
0x00007ff80ed1e000 	/System/Library/PrivateFrameworks/APFS.framework/Versions/A/APFS
0x00007ff80db30000 	/System/Library/Frameworks/SecurityFoundation.framework/Versions/A/SecurityFoundation
0x00007ff80ed99000 	/usr/lib/libutil.dylib
0x00007ff8061a0000 	/System/Library/PrivateFrameworks/CoreServicesStore.framework/Versions/A/CoreServicesStore
0x00007ff80ed9d000 	/usr/lib/libxslt.1.dylib
0x00007ff80dbbd000 	/System/Library/PrivateFrameworks/BackgroundTaskManagement.framework/Versions/A/BackgroundTaskManagement
0x00007ff81020d000 	/System/Library/Frameworks/ImageIO.framework/Versions/A/Resources/libRadiance.dylib
0x00007ff810216000 	/System/Library/Frameworks/ImageIO.framework/Versions/A/Resources/libJPEG.dylib
0x00007ff810166000 	/System/Library/Frameworks/ImageIO.framework/Versions/A/Resources/libPng.dylib
0x00007ff810187000 	/System/Library/Frameworks/ImageIO.framework/Versions/A/Resources/libTIFF.dylib
0x00007ff810276000 	/System/Library/Frameworks/ImageIO.framework/Versions/A/Resources/libGIF.dylib
0x00007ff80fa97000 	/System/Library/Frameworks/ImageIO.framework/Versions/A/Resources/libJP2.dylib
0x00007ff80f1d9000 	/usr/lib/libexpat.1.dylib
0x00007ff80fa4c000 	/System/Library/PrivateFrameworks/AppleJPEG.framework/Versions/A/AppleJPEG
0x00007ff80c3c8000 	/System/Library/PrivateFrameworks/FontServices.framework/libFontParser.dylib
0x00007ff809f2d000 	/System/Library/PrivateFrameworks/RunningBoardServices.framework/Versions/A/RunningBoardServices
0x00007ff81a9e6000 	/System/Library/PrivateFrameworks/IOSurfaceAccelerator.framework/Versions/A/IOSurfaceAccelerator
0x00007ff80fb7a000 	/System/Library/PrivateFrameworks/WatchdogClient.framework/Versions/A/WatchdogClient
0x00007ff804bb2000 	/System/Library/Frameworks/CoreDisplay.framework/Versions/A/CoreDisplay
0x00007ff80c2c7000 	/System/Library/Frameworks/CoreMedia.framework/Versions/A/CoreMedia
0x00007ff80c164000 	/System/Library/PrivateFrameworks/IOAccelerator.framework/Versions/A/IOAccelerator
0x00007ff80b078000 	/System/Library/Frameworks/CoreVideo.framework/Versions/A/CoreVideo
0x00007ff80e82a000 	/System/Library/Frameworks/MetalPerformanceShaders.framework/Versions/A/MetalPerformanceShaders
0x00007ff80fbb5000 	/System/Library/Frameworks/VideoToolbox.framework/Versions/A/VideoToolbox
0x00007ff809e75000 	/System/Library/PrivateFrameworks/BaseBoard.framework/Versions/A/BaseBoard
0x00007ff809c02000 	/System/Library/PrivateFrameworks/ProtocolBuffer.framework/Versions/A/ProtocolBuffer
0x00007ff810206000 	/System/Library/PrivateFrameworks/GPUWrangler.framework/Versions/A/GPUWrangler
0x00007ff8101e9000 	/System/Library/PrivateFrameworks/IOPresentment.framework/Versions/A/IOPresentment
0x00007ff810210000 	/System/Library/PrivateFrameworks/DSExternalDisplay.framework/Versions/A/DSExternalDisplay
0x00007ffa1b4e1000 	/System/Library/Frameworks/OpenGL.framework/Versions/A/Libraries/libCoreFSCache.dylib
0x00007ffb07585000 	/System/Library/PrivateFrameworks/GPUCompiler.framework/Versions/31001/Libraries/libGPUCompilerUtils.dylib
0x00007ff81027b000 	/System/Library/PrivateFrameworks/CMCaptureCore.framework/Versions/A/CMCaptureCore
0x00007ff80f785000 	/System/Library/PrivateFrameworks/AppServerSupport.framework/Versions/A/AppServerSupport
0x00007ff811962000 	/System/Library/PrivateFrameworks/perfdata.framework/Versions/A/perfdata
0x00007ff804cde000 	/System/Library/PrivateFrameworks/AudioToolboxCore.framework/Versions/A/AudioToolboxCore
0x00007ff80c2a4000 	/System/Library/PrivateFrameworks/caulk.framework/Versions/A/caulk
0x00007ff811286000 	/usr/lib/libAudioStatistics.dylib
0x00007ff9085b3000 	/System/Library/PrivateFrameworks/SystemPolicy.framework/Versions/A/SystemPolicy
0x00007ff8114db000 	/usr/lib/libSMC.dylib
0x00007ff81a31f000 	/System/Library/Frameworks/CoreMIDI.framework/Versions/A/CoreMIDI
0x00007ff810136000 	/usr/lib/libAudioToolboxUtility.dylib
0x00007ff9049c5000 	/System/Library/PrivateFrameworks/OSAServicesClient.framework/Versions/A/OSAServicesClient
0x00007ff81196f000 	/usr/lib/libperfcheck.dylib
0x00007ff909045000 	/usr/lib/libmis.dylib
0x00007ffa1b53d000 	/System/Library/Frameworks/OpenGL.framework/Versions/A/Libraries/libGLU.dylib
0x00007ffa1b500000 	/System/Library/Frameworks/OpenGL.framework/Versions/A/Libraries/libGFXShared.dylib
0x00007ffa1b70e000 	/System/Library/Frameworks/OpenGL.framework/Versions/A/Libraries/libGL.dylib
0x00007ffa1b509000 	/System/Library/Frameworks/OpenGL.framework/Versions/A/Libraries/libGLImage.dylib
0x00007ffa1b4fd000 	/System/Library/Frameworks/OpenGL.framework/Versions/A/Libraries/libCVMSPluginSupport.dylib
0x00007ffa1b4e8000 	/System/Library/Frameworks/OpenGL.framework/Versions/A/Libraries/libCoreVMClient.dylib
0x00007ff80ce03000 	/System/Library/Frameworks/MetalPerformanceShaders.framework/Versions/A/Frameworks/MPSCore.framework/Versions/A/MPSCore
0x00007ff80e1c6000 	/System/Library/Frameworks/MetalPerformanceShaders.framework/Versions/A/Frameworks/MPSImage.framework/Versions/A/MPSImage
0x00007ff80dc79000 	/System/Library/Frameworks/MetalPerformanceShaders.framework/Versions/A/Frameworks/MPSNeuralNetwork.framework/Versions/A/MPSNeuralNetwork
0x00007ff80e0ee000 	/System/Library/Frameworks/MetalPerformanceShaders.framework/Versions/A/Frameworks/MPSMatrix.framework/Versions/A/MPSMatrix
0x00007ff80deaa000 	/System/Library/Frameworks/MetalPerformanceShaders.framework/Versions/A/Frameworks/MPSRayIntersector.framework/Versions/A/MPSRayIntersector
0x00007ff80e127000 	/System/Library/Frameworks/MetalPerformanceShaders.framework/Versions/A/Frameworks/MPSNDArray.framework/Versions/A/MPSNDArray
0x00007ffa200ff000 	/System/Library/Frameworks/MetalPerformanceShaders.framework/Versions/A/Frameworks/MPSFunctions.framework/Versions/A/MPSFunctions
0x00007ff803fe0000 	/System/Library/PrivateFrameworks/MetalTools.framework/Versions/A/MetalTools
0x00007ff80ce7d000 	/System/Library/PrivateFrameworks/AggregateDictionary.framework/Versions/A/AggregateDictionary
0x00007ff80efbb000 	/usr/lib/libIOReport.dylib
0x00007ffa1cb1d000 	/System/Library/Frameworks/OpenCL.framework/Versions/A/OpenCL
0x00007ff80f31f000 	/System/Library/PrivateFrameworks/FaceCore.framework/Versions/A/FaceCore
0x00007ff80f310000 	/System/Library/PrivateFrameworks/GraphVisualizer.framework/Versions/A/GraphVisualizer
0x00007ffb07490000 	/System/Library/PrivateFrameworks/FontServices.framework/Versions/A/FontServices
0x00007ff80f73c000 	/System/Library/PrivateFrameworks/OTSVG.framework/Versions/A/OTSVG
0x00007ff80ac60000 	/System/Library/Frameworks/ApplicationServices.framework/Versions/A/Frameworks/ATS.framework/Versions/A/Resources/libFontRegistry.dylib
0x00007ff80f78d000 	/System/Library/PrivateFrameworks/FontServices.framework/libhvf.dylib
0x00007ffb07491000 	/System/Library/PrivateFrameworks/FontServices.framework/libXTFontStaticRegistryData.dylib
0x00007ff80f189000 	/System/Library/PrivateFrameworks/AppleVA.framework/Versions/A/AppleVA
0x00007ff8112aa000 	/System/Library/Frameworks/ApplicationServices.framework/Versions/A/Frameworks/ATS.framework/Versions/A/ATS
0x00007ff809330000 	/System/Library/Frameworks/ApplicationServices.framework/Versions/A/Frameworks/HIServices.framework/Versions/A/HIServices
0x00007ff810285000 	/System/Library/Frameworks/ApplicationServices.framework/Versions/A/Frameworks/PrintCore.framework/Versions/A/PrintCore
0x00007ff81162e000 	/System/Library/Frameworks/ApplicationServices.framework/Versions/A/Frameworks/QD.framework/Versions/A/QD
0x00007ff811626000 	/System/Library/Frameworks/ApplicationServices.framework/Versions/A/Frameworks/ColorSyncLegacy.framework/Versions/A/ColorSyncLegacy
0x00007ff81129a000 	/System/Library/Frameworks/ApplicationServices.framework/Versions/A/Frameworks/SpeechSynthesis.framework/Versions/A/SpeechSynthesis
0x00007ff810246000 	/System/Library/Frameworks/ApplicationServices.framework/Versions/A/Frameworks/ATSUI.framework/Versions/A/ATSUI
0x00007ff8115bb000 	/usr/lib/libcups.2.dylib
0x00007ff81197e000 	/System/Library/Frameworks/Kerberos.framework/Versions/A/Kerberos
0x00007ff81198d000 	/System/Library/Frameworks/GSS.framework/Versions/A/GSS
0x00007ff811316000 	/usr/lib/libresolv.9.dylib
0x00007ff80f79c000 	/System/Library/PrivateFrameworks/Heimdal.framework/Versions/A/Heimdal
0x00007ff818476000 	/System/Library/Frameworks/Kerberos.framework/Versions/A/Libraries/libHeimdalProxy.dylib
0x00007ff80a002000 	/System/Library/Frameworks/Network.framework/Versions/A/Network
0x00007ff80f1f3000 	/usr/lib/libheimdal-asn1.dylib
0x00007ff8119d9000 	/System/Library/PrivateFrameworks/CommonAuth.framework/Versions/A/CommonAuth
0x00007ff811217000 	/System/Library/PrivateFrameworks/AudioSession.framework/Versions/A/AudioSession
0x00007ff80f283000 	/System/Library/PrivateFrameworks/MediaExperience.framework/Versions/A/MediaExperience
0x00007ff8110ab000 	/System/Library/PrivateFrameworks/AudioSession.framework/libSessionUtility.dylib
0x00007ff81163a000 	/System/Library/PrivateFrameworks/AudioResourceArbitration.framework/Versions/A/AudioResourceArbitration
0x00007ff81562b000 	/System/Library/PrivateFrameworks/PowerLog.framework/Versions/A/PowerLog
0x00007ff80f1fc000 	/System/Library/PrivateFrameworks/IconFoundation.framework/Versions/A/IconFoundation
0x00007ff814445000 	/System/Library/PrivateFrameworks/SpeechRecognitionCore.framework/Versions/A/SpeechRecognitionCore
0x00007ffa0c9aa000 	/System/Library/CoreServices/Encodings/libSimplifiedChineseConverter.dylib
0x0000000107c1a000 	/Library/Java/JavaVirtualMachines/jdk1.8.0_211.jdk/Contents/Home/jre/lib/server/libjvm.dylib
0x00007ffb19d31000 	/usr/lib/libstdc++.6.dylib
0x0000000106ca4000 	/Library/Java/JavaVirtualMachines/jdk1.8.0_211.jdk/Contents/Home/jre/lib/libverify.dylib
0x0000000106ce8000 	/Library/Java/JavaVirtualMachines/jdk1.8.0_211.jdk/Contents/Home/jre/lib/libjava.dylib
0x0000000106d1e000 	/Library/Java/JavaVirtualMachines/jdk1.8.0_211.jdk/Contents/Home/jre/lib/libinstrument.dylib
0x0000000106cbb000 	/Library/Java/JavaVirtualMachines/jdk1.8.0_211.jdk/Contents/Home/jre/lib/libzip.dylib
0x0000000114267000 	/Library/Java/JavaVirtualMachines/jdk1.8.0_211.jdk/Contents/Home/jre/lib/libnet.dylib
0x000000011427e000 	/Library/Java/JavaVirtualMachines/jdk1.8.0_211.jdk/Contents/Home/jre/lib/libmanagement.dylib
0x000000011428c000 	/Library/Java/JavaVirtualMachines/jdk1.8.0_211.jdk/Contents/Home/jre/lib/libnio.dylib
0x0000000115b77000 	/Library/Java/JavaVirtualMachines/jdk1.8.0_211.jdk/Contents/Home/jre/lib/libdeploy.dylib
0x0000000115b5e000 	/Library/Java/JavaVirtualMachines/jdk1.8.0_211.jdk/Contents/Home/jre/lib/jli/libjli.dylib
0x00007ff80dbc7000 	/System/Library/Frameworks/ServiceManagement.framework/Versions/A/ServiceManagement
0x00007ffa20061000 	/System/Library/Frameworks/JavaNativeFoundation.framework/Versions/A/JavaNativeFoundation
0x00007ffa2006d000 	/System/Library/Frameworks/JavaRuntimeSupport.framework/Versions/A/JavaRuntimeSupport
0x00007ff9080fc000 	/System/Library/Frameworks/Carbon.framework/Versions/A/Carbon
0x00007ff8168a5000 	/System/Library/PrivateFrameworks/CoreSymbolication.framework/Versions/A/CoreSymbolication
0x00007ff81bd3d000 	/System/Library/Frameworks/Carbon.framework/Versions/A/Frameworks/CommonPanels.framework/Versions/A/CommonPanels
0x00007ff817e7d000 	/System/Library/Frameworks/Carbon.framework/Versions/A/Frameworks/Help.framework/Versions/A/Help
0x00007ff81bd41000 	/System/Library/Frameworks/Carbon.framework/Versions/A/Frameworks/ImageCapture.framework/Versions/A/ImageCapture
0x00007ff81bd11000 	/System/Library/Frameworks/Carbon.framework/Versions/A/Frameworks/OpenScripting.framework/Versions/A/OpenScripting
0x00007ff81bd39000 	/System/Library/Frameworks/Carbon.framework/Versions/A/Frameworks/Ink.framework/Versions/A/Ink
0x00007ff9080f8000 	/System/Library/Frameworks/Carbon.framework/Versions/A/Frameworks/Print.framework/Versions/A/Print
0x00007ff81bd35000 	/System/Library/Frameworks/Carbon.framework/Versions/A/Frameworks/SecurityHI.framework/Versions/A/SecurityHI
0x00007ff81686a000 	/System/Library/PrivateFrameworks/DebugSymbols.framework/Versions/A/DebugSymbols
0x0000000115e27000 	/Library/Java/JavaVirtualMachines/jdk1.8.0_211.jdk/Contents/Home/jre/lib/libawt.dylib
0x0000000115f9c000 	/Library/Java/JavaVirtualMachines/jdk1.8.0_211.jdk/Contents/Home/jre/lib/libmlib_image.dylib
0x0000000116068000 	/Library/Java/JavaVirtualMachines/jdk1.8.0_211.jdk/Contents/Home/jre/lib/libawt_lwawt.dylib
0x0000000115dbb000 	/Library/Java/JavaVirtualMachines/jdk1.8.0_211.jdk/Contents/Home/jre/lib/libosxapp.dylib
0x00007ff907539000 	/System/Library/Frameworks/ExceptionHandling.framework/Versions/A/ExceptionHandling
0x0000000116323000 	/Library/Java/JavaVirtualMachines/jdk1.8.0_211.jdk/Contents/Home/jre/lib/libfontmanager.dylib
0x00007ff806161000 	/System/Library/PrivateFrameworks/CoreServicesInternal.framework/Versions/A/CoreServicesInternal
0x00007ffa07477000 	/System/Library/CoreServices/Encodings/libJapaneseConverter.dylib
0x00007ffa0c986000 	/System/Library/CoreServices/Encodings/libKoreanConverter.dylib
0x0000000197dce000 	/Library/Java/JavaVirtualMachines/jdk1.8.0_211.jdk/Contents/Home/jre/lib/libprism_es2.dylib
0x0000000197dea000 	/Library/Java/JavaVirtualMachines/jdk1.8.0_211.jdk/Contents/Home/jre/lib/libprism_sw.dylib
0x0000000198051000 	/Library/Java/JavaVirtualMachines/jdk1.8.0_211.jdk/Contents/Home/jre/lib/libglass.dylib

VM Arguments:
jvm_args: -XX:TieredStopAtLevel=1 -Xverify:none -Dspring.output.ansi.enabled=always -javaagent:/Applications/IntelliJ IDEA.app/Contents/lib/idea_rt.jar=55802:/Applications/IntelliJ IDEA.app/Contents/bin -Dcom.sun.management.jmxremote -Dspring.jmx.enabled=true -Dspring.liveBeansView.mbeanDomain -Dspring.application.admin.enabled=true -Dfile.encoding=UTF-8 
java_command: com.yuhsuanzhang.him.imserver.IMServerApplication
java_class_path (initial): /Library/Java/JavaVirtualMachines/jdk1.8.0_211.jdk/Contents/Home/jre/lib/charsets.jar:/Library/Java/JavaVirtualMachines/jdk1.8.0_211.jdk/Contents/Home/jre/lib/deploy.jar:/Library/Java/JavaVirtualMachines/jdk1.8.0_211.jdk/Contents/Home/jre/lib/ext/cldrdata.jar:/Library/Java/JavaVirtualMachines/jdk1.8.0_211.jdk/Contents/Home/jre/lib/ext/dnsns.jar:/Library/Java/JavaVirtualMachines/jdk1.8.0_211.jdk/Contents/Home/jre/lib/ext/jaccess.jar:/Library/Java/JavaVirtualMachines/jdk1.8.0_211.jdk/Contents/Home/jre/lib/ext/jfxrt.jar:/Library/Java/JavaVirtualMachines/jdk1.8.0_211.jdk/Contents/Home/jre/lib/ext/localedata.jar:/Library/Java/JavaVirtualMachines/jdk1.8.0_211.jdk/Contents/Home/jre/lib/ext/nashorn.jar:/Library/Java/JavaVirtualMachines/jdk1.8.0_211.jdk/Contents/Home/jre/lib/ext/sunec.jar:/Library/Java/JavaVirtualMachines/jdk1.8.0_211.jdk/Contents/Home/jre/lib/ext/sunjce_provider.jar:/Library/Java/JavaVirtualMachines/jdk1.8.0_211.jdk/Contents/Home/jre/lib/ext/sunpkcs11.jar:/Library/Java/JavaVirtualMachines/jdk1.8.0_211.jdk/Contents/Home/jre/lib/ext/zipfs.jar:/Library/Java/JavaVirtualMachines/jdk1.8.0_211.jdk/Contents/Home/jre/lib/javaws.jar:/Library/Java/JavaVirtualMachines/jdk1.8.0_211.jdk/Contents/Home/jre/lib/jce.jar:/Library/Java/JavaVirtualMachines/jdk1.8.0_211.jdk/Contents/Home/jre/lib/jfr.jar:/Library/Java/JavaVirtualMachines/jdk1.8.0_211.jdk/Contents/Home/jre/lib/jfxswt.jar:/Library/Java/JavaVirtualMachines/jdk1.8.0_211.jdk/Contents/Home/jre/lib/jsse.jar:/Library/Java/JavaVirtualMachines/jdk1.8.0_211.jdk/Contents/Home/jre/lib/management-agent.jar:/Library/Java/JavaVirtualMachines/jdk1.8.0_211.jdk/Contents/Home/jre/lib/plugin.jar:/Library/Java/JavaVirtualMachines/jdk1.8.0_211.jdk/Contents/Home/jre/lib/resources.jar:/Library/Java/JavaVirtualMachines/jdk1.8.0_211.jdk/Contents/Home/jre/lib/rt.jar:/Library/Java/JavaVirtualMachines/jdk1.8.0_211.jdk/Contents/Home/lib/ant-javafx.jar:/Library/Java/JavaVirtualMachines/jdk1.8.0_211.jdk/Contents/Home
Launcher Type: SUN_STANDARD

Environment Variables:
JAVA_HOME=/Library/Java/JavaVirtualMachines/jdk1.8.0_211.jdk/Contents/Home
CLASSPATH=.:/Library/Java/JavaVirtualMachines/jdk1.8.0_211.jdk/Contents/Home/lib/dt.jar:/Library/Java/JavaVirtualMachines/jdk1.8.0_211.jdk/Contents/Home/lib/tools.jar:/Users/bitmain/bitmain/apache-jmeter-5.5/lib/ext/ApacheJMeter_core.jar:/Users/bitmain/bitmain/apache-jmeter-5.5/lib/jorphan.jar:/Users/bitmain/bitmain/apache-jmeter-5.5/lib/logkit-2.0.jar
PATH=/usr/local/apache-maven-3.8.6/bin:/Users/bitmain/.nvm/versions/node/v12.19.0/bin:/Library/Java/JavaVirtualMachines/jdk1.8.0_211.jdk/Contents/Home/bin:/Library/Java/JavaVirtualMachines/jdk1.8.0_211.jdk/Contents/Home/bin:/usr/local/bin:/usr/bin:/bin:/usr/sbin:/sbin:/usr/local/bin:.:.:/Users/bitmain/bitmain/apache-jmeter-5.5/bin:/Library/Java/JavaVirtualMachines/jdk1.8.0_211.jdk/Contents/Home/bin:/usr/local/bin:/usr/bin:/bin:/usr/sbin:/sbin:/usr/local/bin:.:/Users/bitmain/bin:/usr/local/sbin
SHELL=/bin/zsh

Signal Handlers:
SIGSEGV: [libjvm.dylib+0x5b71a7], sa_mask[0]=11111111011111110111111111111111, sa_flags=SA_ONSTACK|SA_RESTART|SA_SIGINFO
SIGBUS: [libjvm.dylib+0x5b71a7], sa_mask[0]=11111111011111110111111111111111, sa_flags=SA_RESTART|SA_SIGINFO
SIGFPE: [libjvm.dylib+0x48c8fc], sa_mask[0]=11111111011111110111111111111111, sa_flags=SA_RESTART|SA_SIGINFO
SIGPIPE: [libjvm.dylib+0x48c8fc], sa_mask[0]=11111111011111110111111111111111, sa_flags=SA_RESTART|SA_SIGINFO
SIGXFSZ: [libjvm.dylib+0x48c8fc], sa_mask[0]=11111111011111110111111111111111, sa_flags=SA_RESTART|SA_SIGINFO
SIGILL: [libjvm.dylib+0x48c8fc], sa_mask[0]=11111111011111110111111111111111, sa_flags=SA_RESTART|SA_SIGINFO
SIGUSR1: SIG_DFL, sa_mask[0]=00000000000000000000000000000000, sa_flags=none
SIGUSR2: [libjvm.dylib+0x48c41a], sa_mask[0]=00100000000000000000000000000000, sa_flags=SA_RESTART|SA_SIGINFO
SIGHUP: [libjvm.dylib+0x48a9a5], sa_mask[0]=11111111011111110111111111111111, sa_flags=SA_RESTART|SA_SIGINFO
SIGINT: [libjvm.dylib+0x48a9a5], sa_mask[0]=11111111011111110111111111111111, sa_flags=SA_RESTART|SA_SIGINFO
SIGTERM: [libjvm.dylib+0x48a9a5], sa_mask[0]=11111111011111110111111111111111, sa_flags=SA_RESTART|SA_SIGINFO
SIGQUIT: [libjvm.dylib+0x48a9a5], sa_mask[0]=11111111011111110111111111111111, sa_flags=SA_RESTART|SA_SIGINFO


---------------  S Y S T E M  ---------------

OS:Bsduname:Darwin 21.2.0 Darwin Kernel Version 21.2.0: Sun Nov 28 20:28:54 PST 2021; root:xnu-8019.61.5~1/RELEASE_X86_64 x86_64
rlimit: STACK 8192k, CORE 0k, NPROC 2784, NOFILE 10240, AS infinity
load average:4.80 4.28 3.80

CPU:total 12 (initial active 12) (6 cores per cpu, 2 threads per core) family 6 model 158 stepping 10, cmov, cx8, fxsr, mmx, sse, sse2, sse3, ssse3, sse4.1, sse4.2, popcnt, avx, avx2, aes, clmul, erms, rtm, 3dnowpref, lzcnt, ht, tsc, tscinvbit, bmi1, bmi2, adx

Memory: 4k page, physical 16777216k(115500k free)

/proc/meminfo:


vm_info: Java HotSpot(TM) 64-Bit Server VM (25.211-b12) for bsd-amd64 JRE (1.8.0_211-b12), built on Apr  1 2019 20:53:18 by "java_re" with gcc 4.2.1 (Based on Apple Inc. build 5658) (LLVM build 2336.11.00)

time: Thu May  4 12:17:57 2023
timezone: CST
elapsed time: 7 seconds (0d 0h 0m 7s)

